{
  "D:\\Projekte\\lopez-it-welt\\src\\app\\layout.tsx": {
    "path": "D:\\Projekte\\lopez-it-welt\\src\\app\\layout.tsx",
    "statementMap": {
      "0": {
        "start": { "line": 21, "column": 24 },
        "end": { "line": 21, "column": 35 }
      },
      "1": {
        "start": { "line": 15, "column": 13 },
        "end": { "line": 15, "column": 21 }
      },
      "2": {
        "start": { "line": 10, "column": 13 },
        "end": { "line": 10, "column": 21 }
      },
      "3": {
        "start": { "line": 2, "column": 22 },
        "end": { "line": 2, "column": null }
      },
      "4": {
        "start": { "line": 3, "column": 19 },
        "end": { "line": 3, "column": null }
      },
      "5": {
        "start": { "line": 4, "column": 25 },
        "end": { "line": 4, "column": null }
      },
      "6": {
        "start": { "line": 5, "column": 40 },
        "end": { "line": 5, "column": null }
      },
      "7": {
        "start": { "line": 6, "column": 7 },
        "end": { "line": 6, "column": null }
      },
      "8": {
        "start": { "line": 8, "column": 14 },
        "end": { "line": 8, "column": null }
      },
      "9": {
        "start": { "line": 10, "column": 24 },
        "end": { "line": 13, "column": null }
      },
      "10": {
        "start": { "line": 15, "column": 34 },
        "end": { "line": 19, "column": null }
      }
    },
    "fnMap": {
      "0": {
        "name": "RootLayout",
        "decl": {
          "start": { "line": 21, "column": 24 },
          "end": { "line": 21, "column": 35 }
        },
        "loc": {
          "start": { "line": 25, "column": 1 },
          "end": { "line": 37, "column": 1 }
        }
      }
    },
    "branchMap": {},
    "s": {
      "0": 0,
      "1": 0,
      "2": 0,
      "3": 0,
      "4": 0,
      "5": 0,
      "6": 0,
      "7": 0,
      "8": 0,
      "9": 0,
      "10": 0
    },
    "f": { "0": 0 },
    "b": {}
  },
  "D:\\Projekte\\lopez-it-welt\\src\\app\\page.tsx": {
    "path": "D:\\Projekte\\lopez-it-welt\\src\\app\\page.tsx",
    "statementMap": {
      "0": {
        "start": { "line": 11, "column": 24 },
        "end": { "line": 11, "column": null }
      },
      "1": {
        "start": { "line": 9, "column": 13 },
        "end": { "line": 9, "column": 20 }
      },
      "2": {
        "start": { "line": 2, "column": 30 },
        "end": { "line": 2, "column": null }
      },
      "3": {
        "start": { "line": 3, "column": 21 },
        "end": { "line": 3, "column": null }
      },
      "4": {
        "start": { "line": 4, "column": 20 },
        "end": { "line": 4, "column": null }
      },
      "5": {
        "start": { "line": 5, "column": 29 },
        "end": { "line": 5, "column": null }
      },
      "6": {
        "start": { "line": 6, "column": 29 },
        "end": { "line": 6, "column": null }
      },
      "7": {
        "start": { "line": 7, "column": 28 },
        "end": { "line": 7, "column": null }
      },
      "8": {
        "start": { "line": 9, "column": 23 },
        "end": { "line": 9, "column": null }
      }
    },
    "fnMap": {
      "0": {
        "name": "Startseite",
        "decl": {
          "start": { "line": 11, "column": 24 },
          "end": { "line": 11, "column": null }
        },
        "loc": {
          "start": { "line": 11, "column": 24 },
          "end": { "line": 49, "column": 1 }
        }
      }
    },
    "branchMap": {},
    "s": {
      "0": 2,
      "1": 0,
      "2": 1,
      "3": 1,
      "4": 1,
      "5": 1,
      "6": 1,
      "7": 1,
      "8": 1
    },
    "f": { "0": 2 },
    "b": {}
  },
  "D:\\Projekte\\lopez-it-welt\\src\\app\\admin\\layout.tsx": {
    "path": "D:\\Projekte\\lopez-it-welt\\src\\app\\admin\\layout.tsx",
    "statementMap": {
      "0": {
        "start": { "line": 8, "column": 24 },
        "end": { "line": 8, "column": 36 }
      },
      "1": {
        "start": { "line": 3, "column": 13 },
        "end": { "line": 3, "column": 21 }
      },
      "2": {
        "start": { "line": 3, "column": 34 },
        "end": { "line": 6, "column": null }
      }
    },
    "fnMap": {
      "0": {
        "name": "AdminLayout",
        "decl": {
          "start": { "line": 8, "column": 24 },
          "end": { "line": 8, "column": 36 }
        },
        "loc": {
          "start": { "line": 12, "column": 1 },
          "end": { "line": 14, "column": 1 }
        }
      }
    },
    "branchMap": {},
    "s": { "0": 0, "1": 0, "2": 0 },
    "f": { "0": 0 },
    "b": {}
  },
  "D:\\Projekte\\lopez-it-welt\\src\\app\\admin\\page.tsx": {
    "path": "D:\\Projekte\\lopez-it-welt\\src\\app\\admin\\page.tsx",
    "statementMap": {
      "0": {
        "start": { "line": 19, "column": 24 },
        "end": { "line": 19, "column": null }
      },
      "1": {
        "start": { "line": 3, "column": 36 },
        "end": { "line": 3, "column": null }
      },
      "2": {
        "start": { "line": 20, "column": 28 },
        "end": { "line": 26, "column": null }
      },
      "3": {
        "start": { "line": 27, "column": 32 },
        "end": { "line": 27, "column": null }
      },
      "4": {
        "start": { "line": 28, "column": 32 },
        "end": { "line": 28, "column": null }
      },
      "5": {
        "start": { "line": 31, "column": 20 },
        "end": { "line": 41, "column": null }
      },
      "6": {
        "start": { "line": 32, "column": 4 },
        "end": { "line": 40, "column": null }
      },
      "7": {
        "start": { "line": 33, "column": 23 },
        "end": { "line": 33, "column": null }
      },
      "8": {
        "start": { "line": 34, "column": 6 },
        "end": { "line": 37, "column": null }
      },
      "9": {
        "start": { "line": 35, "column": 21 },
        "end": { "line": 35, "column": null }
      },
      "10": {
        "start": { "line": 36, "column": 8 },
        "end": { "line": 36, "column": null }
      },
      "11": {
        "start": { "line": 39, "column": 6 },
        "end": { "line": 39, "column": null }
      },
      "12": {
        "start": { "line": 44, "column": 25 },
        "end": { "line": 62, "column": null }
      },
      "13": {
        "start": { "line": 45, "column": 4 },
        "end": { "line": 45, "column": null }
      },
      "14": {
        "start": { "line": 46, "column": 4 },
        "end": { "line": 46, "column": null }
      },
      "15": {
        "start": { "line": 47, "column": 4 },
        "end": { "line": 61, "column": null }
      },
      "16": {
        "start": { "line": 48, "column": 23 },
        "end": { "line": 48, "column": null }
      },
      "17": {
        "start": { "line": 49, "column": 37 },
        "end": { "line": 49, "column": null }
      },
      "18": {
        "start": { "line": 51, "column": 6 },
        "end": { "line": 56, "column": null }
      },
      "19": {
        "start": { "line": 52, "column": 8 },
        "end": { "line": 52, "column": null }
      },
      "20": {
        "start": { "line": 53, "column": 8 },
        "end": { "line": 53, "column": 21 }
      },
      "21": {
        "start": { "line": 55, "column": 8 },
        "end": { "line": 55, "column": null }
      },
      "22": {
        "start": { "line": 58, "column": 6 },
        "end": { "line": 58, "column": null }
      },
      "23": {
        "start": { "line": 60, "column": 6 },
        "end": { "line": 60, "column": null }
      },
      "24": {
        "start": { "line": 65, "column": 25 },
        "end": { "line": 85, "column": null }
      },
      "25": {
        "start": { "line": 66, "column": 4 },
        "end": { "line": 66, "column": null }
      },
      "26": {
        "start": { "line": 66, "column": 66 },
        "end": { "line": 66, "column": null }
      },
      "27": {
        "start": { "line": 68, "column": 4 },
        "end": { "line": 68, "column": null }
      },
      "28": {
        "start": { "line": 69, "column": 4 },
        "end": { "line": 69, "column": null }
      },
      "29": {
        "start": { "line": 70, "column": 4 },
        "end": { "line": 84, "column": null }
      },
      "30": {
        "start": { "line": 71, "column": 23 },
        "end": { "line": 71, "column": null }
      },
      "31": {
        "start": { "line": 72, "column": 37 },
        "end": { "line": 72, "column": null }
      },
      "32": {
        "start": { "line": 74, "column": 6 },
        "end": { "line": 79, "column": null }
      },
      "33": {
        "start": { "line": 75, "column": 8 },
        "end": { "line": 75, "column": null }
      },
      "34": {
        "start": { "line": 76, "column": 8 },
        "end": { "line": 76, "column": 21 }
      },
      "35": {
        "start": { "line": 78, "column": 8 },
        "end": { "line": 78, "column": null }
      },
      "36": {
        "start": { "line": 81, "column": 6 },
        "end": { "line": 81, "column": null }
      },
      "37": {
        "start": { "line": 83, "column": 6 },
        "end": { "line": 83, "column": null }
      },
      "38": {
        "start": { "line": 87, "column": 2 },
        "end": { "line": 89, "column": null }
      },
      "39": {
        "start": { "line": 88, "column": 4 },
        "end": { "line": 88, "column": null }
      }
    },
    "fnMap": {
      "0": {
        "name": "AdminDashboard",
        "decl": {
          "start": { "line": 19, "column": 24 },
          "end": { "line": 19, "column": null }
        },
        "loc": {
          "start": { "line": 19, "column": 24 },
          "end": { "line": 815, "column": null }
        }
      },
      "1": {
        "name": "(anonymous_2)",
        "decl": {
          "start": { "line": 31, "column": 20 },
          "end": { "line": 31, "column": null }
        },
        "loc": {
          "start": { "line": 31, "column": 20 },
          "end": { "line": 41, "column": null }
        }
      },
      "2": {
        "name": "(anonymous_3)",
        "decl": {
          "start": { "line": 44, "column": 25 },
          "end": { "line": 44, "column": null }
        },
        "loc": {
          "start": { "line": 44, "column": 25 },
          "end": { "line": 62, "column": null }
        }
      },
      "3": {
        "name": "(anonymous_4)",
        "decl": {
          "start": { "line": 65, "column": 25 },
          "end": { "line": 65, "column": null }
        },
        "loc": {
          "start": { "line": 65, "column": 25 },
          "end": { "line": 85, "column": null }
        }
      },
      "4": {
        "name": "(anonymous_5)",
        "decl": {
          "start": { "line": 87, "column": 12 },
          "end": { "line": 87, "column": null }
        },
        "loc": {
          "start": { "line": 87, "column": 12 },
          "end": { "line": 89, "column": 5 }
        }
      }
    },
    "branchMap": {
      "0": {
        "loc": {
          "start": { "line": 34, "column": 6 },
          "end": { "line": 37, "column": null }
        },
        "type": "if",
        "locations": [
          {
            "start": { "line": 34, "column": 6 },
            "end": { "line": 37, "column": null }
          }
        ]
      },
      "1": {
        "loc": {
          "start": { "line": 51, "column": 6 },
          "end": { "line": 56, "column": null }
        },
        "type": "if",
        "locations": [
          {
            "start": { "line": 51, "column": 6 },
            "end": { "line": 56, "column": null }
          },
          {
            "start": { "line": 54, "column": 13 },
            "end": { "line": 56, "column": null }
          }
        ]
      },
      "2": {
        "loc": {
          "start": { "line": 55, "column": 35 },
          "end": { "line": 55, "column": 68 }
        },
        "type": "binary-expr",
        "locations": [
          {
            "start": { "line": 55, "column": 35 },
            "end": { "line": 55, "column": 45 }
          },
          {
            "start": { "line": 55, "column": 49 },
            "end": { "line": 55, "column": 68 }
          }
        ]
      },
      "3": {
        "loc": {
          "start": { "line": 66, "column": 4 },
          "end": { "line": 66, "column": null }
        },
        "type": "if",
        "locations": [
          {
            "start": { "line": 66, "column": 4 },
            "end": { "line": 66, "column": null }
          }
        ]
      },
      "4": {
        "loc": {
          "start": { "line": 74, "column": 6 },
          "end": { "line": 79, "column": null }
        },
        "type": "if",
        "locations": [
          {
            "start": { "line": 74, "column": 6 },
            "end": { "line": 79, "column": null }
          },
          {
            "start": { "line": 77, "column": 13 },
            "end": { "line": 79, "column": null }
          }
        ]
      },
      "5": {
        "loc": {
          "start": { "line": 78, "column": 35 },
          "end": { "line": 78, "column": 68 }
        },
        "type": "binary-expr",
        "locations": [
          {
            "start": { "line": 78, "column": 35 },
            "end": { "line": 78, "column": 45 }
          },
          {
            "start": { "line": 78, "column": 49 },
            "end": { "line": 78, "column": 68 }
          }
        ]
      },
      "6": {
        "loc": {
          "start": { "line": 255, "column": 9 },
          "end": { "line": 255, "column": null }
        },
        "type": "binary-expr",
        "locations": [
          {
            "start": { "line": 255, "column": 9 },
            "end": { "line": 255, "column": null }
          }
        ]
      },
      "7": {
        "loc": {
          "start": { "line": 258, "column": 14 },
          "end": { "line": 260, "column": null }
        },
        "type": "cond-expr",
        "locations": [
          {
            "start": { "line": 259, "column": 18 },
            "end": { "line": 259, "column": null }
          },
          {
            "start": { "line": 260, "column": 18 },
            "end": { "line": 260, "column": null }
          }
        ]
      },
      "8": {
        "loc": {
          "start": { "line": 270, "column": 18 },
          "end": { "line": 276, "column": 19 }
        },
        "type": "cond-expr",
        "locations": [
          {
            "start": { "line": 270, "column": 18 },
            "end": { "line": 276, "column": 19 }
          }
        ]
      },
      "9": {
        "loc": {
          "start": { "line": 485, "column": 19 },
          "end": { "line": 485, "column": null }
        },
        "type": "cond-expr",
        "locations": [
          {
            "start": { "line": 485, "column": 29 },
            "end": { "line": 485, "column": 41 }
          },
          {
            "start": { "line": 485, "column": 41 },
            "end": { "line": 485, "column": null }
          }
        ]
      },
      "10": {
        "loc": {
          "start": { "line": 492, "column": 19 },
          "end": { "line": 492, "column": null }
        },
        "type": "cond-expr",
        "locations": [
          {
            "start": { "line": 492, "column": 29 },
            "end": { "line": 492, "column": 41 }
          },
          {
            "start": { "line": 492, "column": 41 },
            "end": { "line": 492, "column": null }
          }
        ]
      }
    },
    "s": {
      "0": 0,
      "1": 0,
      "2": 0,
      "3": 0,
      "4": 0,
      "5": 0,
      "6": 0,
      "7": 0,
      "8": 0,
      "9": 0,
      "10": 0,
      "11": 0,
      "12": 0,
      "13": 0,
      "14": 0,
      "15": 0,
      "16": 0,
      "17": 0,
      "18": 0,
      "19": 0,
      "20": 0,
      "21": 0,
      "22": 0,
      "23": 0,
      "24": 0,
      "25": 0,
      "26": 0,
      "27": 0,
      "28": 0,
      "29": 0,
      "30": 0,
      "31": 0,
      "32": 0,
      "33": 0,
      "34": 0,
      "35": 0,
      "36": 0,
      "37": 0,
      "38": 0,
      "39": 0
    },
    "f": { "0": 0, "1": 0, "2": 0, "3": 0, "4": 0 },
    "b": {
      "0": [0],
      "1": [0, 0],
      "2": [0, 0],
      "3": [0],
      "4": [0, 0],
      "5": [0, 0],
      "6": [0],
      "7": [0, 0],
      "8": [0],
      "9": [0, 0],
      "10": [0, 0]
    }
  },
  "D:\\Projekte\\lopez-it-welt\\src\\app\\admin\\rules\\page.tsx": {
    "path": "D:\\Projekte\\lopez-it-welt\\src\\app\\admin\\rules\\page.tsx",
    "statementMap": {
      "0": {
        "start": { "line": 4, "column": 24 },
        "end": { "line": 4, "column": null }
      },
      "1": {
        "start": { "line": 2, "column": 36 },
        "end": { "line": 2, "column": null }
      }
    },
    "fnMap": {
      "0": {
        "name": "RulesAdminPage",
        "decl": {
          "start": { "line": 4, "column": 24 },
          "end": { "line": 4, "column": null }
        },
        "loc": {
          "start": { "line": 4, "column": 24 },
          "end": { "line": 49, "column": null }
        }
      }
    },
    "branchMap": {},
    "s": { "0": 0, "1": 0 },
    "f": { "0": 0 },
    "b": {}
  },
  "D:\\Projekte\\lopez-it-welt\\src\\app\\admin\\texts\\page.tsx": {
    "path": "D:\\Projekte\\lopez-it-welt\\src\\app\\admin\\texts\\page.tsx",
    "statementMap": {
      "0": {
        "start": { "line": 13, "column": 24 },
        "end": { "line": 13, "column": null }
      },
      "1": {
        "start": { "line": 3, "column": 36 },
        "end": { "line": 3, "column": null }
      },
      "2": {
        "start": { "line": 14, "column": 28 },
        "end": { "line": 14, "column": null }
      },
      "3": {
        "start": { "line": 15, "column": 32 },
        "end": { "line": 15, "column": null }
      },
      "4": {
        "start": { "line": 16, "column": 40 },
        "end": { "line": 16, "column": null }
      },
      "5": {
        "start": { "line": 17, "column": 40 },
        "end": { "line": 17, "column": null }
      },
      "6": {
        "start": { "line": 18, "column": 32 },
        "end": { "line": 23, "column": null }
      },
      "7": {
        "start": { "line": 24, "column": 30 },
        "end": { "line": 27, "column": null }
      },
      "8": {
        "start": { "line": 30, "column": 20 },
        "end": { "line": 42, "column": null }
      },
      "9": {
        "start": { "line": 31, "column": 4 },
        "end": { "line": 41, "column": null }
      },
      "10": {
        "start": { "line": 32, "column": 23 },
        "end": { "line": 32, "column": null }
      },
      "11": {
        "start": { "line": 33, "column": 6 },
        "end": { "line": 36, "column": null }
      },
      "12": {
        "start": { "line": 34, "column": 21 },
        "end": { "line": 34, "column": null }
      },
      "13": {
        "start": { "line": 35, "column": 8 },
        "end": { "line": 35, "column": null }
      },
      "14": {
        "start": { "line": 38, "column": 6 },
        "end": { "line": 38, "column": null }
      },
      "15": {
        "start": { "line": 40, "column": 6 },
        "end": { "line": 40, "column": null }
      },
      "16": {
        "start": { "line": 45, "column": 19 },
        "end": { "line": 60, "column": null }
      },
      "17": {
        "start": { "line": 46, "column": 4 },
        "end": { "line": 59, "column": null }
      },
      "18": {
        "start": { "line": 47, "column": 23 },
        "end": { "line": 51, "column": null }
      },
      "19": {
        "start": { "line": 53, "column": 6 },
        "end": { "line": 56, "column": null }
      },
      "20": {
        "start": { "line": 54, "column": 8 },
        "end": { "line": 54, "column": null }
      },
      "21": {
        "start": { "line": 55, "column": 8 },
        "end": { "line": 55, "column": 21 }
      },
      "22": {
        "start": { "line": 58, "column": 6 },
        "end": { "line": 58, "column": null }
      },
      "23": {
        "start": { "line": 63, "column": 18 },
        "end": { "line": 80, "column": null }
      },
      "24": {
        "start": { "line": 64, "column": 4 },
        "end": { "line": 64, "column": null }
      },
      "25": {
        "start": { "line": 65, "column": 4 },
        "end": { "line": 79, "column": null }
      },
      "26": {
        "start": { "line": 66, "column": 23 },
        "end": { "line": 70, "column": null }
      },
      "27": {
        "start": { "line": 72, "column": 6 },
        "end": { "line": 76, "column": null }
      },
      "28": {
        "start": { "line": 73, "column": 8 },
        "end": { "line": 73, "column": null }
      },
      "29": {
        "start": { "line": 74, "column": 8 },
        "end": { "line": 74, "column": null }
      },
      "30": {
        "start": { "line": 75, "column": 8 },
        "end": { "line": 75, "column": 21 }
      },
      "31": {
        "start": { "line": 78, "column": 6 },
        "end": { "line": 78, "column": null }
      },
      "32": {
        "start": { "line": 83, "column": 21 },
        "end": { "line": 97, "column": null }
      },
      "33": {
        "start": { "line": 84, "column": 4 },
        "end": { "line": 84, "column": null }
      },
      "34": {
        "start": { "line": 84, "column": 44 },
        "end": { "line": 84, "column": null }
      },
      "35": {
        "start": { "line": 86, "column": 4 },
        "end": { "line": 96, "column": null }
      },
      "36": {
        "start": { "line": 87, "column": 23 },
        "end": { "line": 89, "column": null }
      },
      "37": {
        "start": { "line": 91, "column": 6 },
        "end": { "line": 93, "column": null }
      },
      "38": {
        "start": { "line": 92, "column": 8 },
        "end": { "line": 92, "column": 21 }
      },
      "39": {
        "start": { "line": 95, "column": 6 },
        "end": { "line": 95, "column": null }
      },
      "40": {
        "start": { "line": 99, "column": 2 },
        "end": { "line": 101, "column": null }
      },
      "41": {
        "start": { "line": 100, "column": 4 },
        "end": { "line": 100, "column": null }
      },
      "42": {
        "start": { "line": 104, "column": 24 },
        "end": { "line": 107, "column": 56 }
      },
      "43": {
        "start": { "line": 106, "column": 6 },
        "end": { "line": 107, "column": 56 }
      },
      "44": {
        "start": { "line": 111, "column": 18 },
        "end": { "line": 111, "column": null }
      },
      "45": {
        "start": { "line": 111, "column": 55 },
        "end": { "line": 111, "column": 65 }
      },
      "46": {
        "start": { "line": 112, "column": 20 },
        "end": { "line": 112, "column": null }
      },
      "47": {
        "start": { "line": 114, "column": 2 },
        "end": { "line": 123, "column": null }
      },
      "48": {
        "start": { "line": 140, "column": 29 },
        "end": { "line": 140, "column": null }
      },
      "49": {
        "start": { "line": 206, "column": 22 },
        "end": { "line": 206, "column": null }
      },
      "50": {
        "start": { "line": 221, "column": 22 },
        "end": { "line": 221, "column": null }
      },
      "51": {
        "start": { "line": 234, "column": 22 },
        "end": { "line": 234, "column": null }
      },
      "52": {
        "start": { "line": 252, "column": 20 },
        "end": { "line": 252, "column": null }
      },
      "53": {
        "start": { "line": 267, "column": 33 },
        "end": { "line": 267, "column": null }
      },
      "54": {
        "start": { "line": 287, "column": 31 },
        "end": { "line": 287, "column": null }
      },
      "55": {
        "start": { "line": 292, "column": 18 },
        "end": { "line": 292, "column": 39 }
      },
      "56": {
        "start": { "line": 305, "column": 18 },
        "end": { "line": 305, "column": null }
      },
      "57": {
        "start": { "line": 348, "column": 18 },
        "end": { "line": 348, "column": 36 }
      },
      "58": {
        "start": { "line": 373, "column": 28 },
        "end": { "line": 376, "column": null }
      },
      "59": {
        "start": { "line": 391, "column": 43 },
        "end": { "line": 391, "column": null }
      },
      "60": {
        "start": { "line": 397, "column": 43 },
        "end": { "line": 397, "column": null }
      },
      "61": {
        "start": { "line": 406, "column": 43 },
        "end": { "line": 406, "column": null }
      },
      "62": {
        "start": { "line": 412, "column": 43 },
        "end": { "line": 412, "column": null }
      }
    },
    "fnMap": {
      "0": {
        "name": "TextsPage",
        "decl": {
          "start": { "line": 13, "column": 24 },
          "end": { "line": 13, "column": null }
        },
        "loc": {
          "start": { "line": 13, "column": 24 },
          "end": { "line": 429, "column": null }
        }
      },
      "1": {
        "name": "(anonymous_2)",
        "decl": {
          "start": { "line": 30, "column": 20 },
          "end": { "line": 30, "column": null }
        },
        "loc": {
          "start": { "line": 30, "column": 20 },
          "end": { "line": 42, "column": null }
        }
      },
      "2": {
        "name": "(anonymous_3)",
        "decl": {
          "start": { "line": 45, "column": 19 },
          "end": { "line": 45, "column": 26 }
        },
        "loc": {
          "start": { "line": 45, "column": 26 },
          "end": { "line": 60, "column": null }
        }
      },
      "3": {
        "name": "(anonymous_4)",
        "decl": {
          "start": { "line": 63, "column": 18 },
          "end": { "line": 63, "column": 25 }
        },
        "loc": {
          "start": { "line": 63, "column": 25 },
          "end": { "line": 80, "column": null }
        }
      },
      "4": {
        "name": "(anonymous_5)",
        "decl": {
          "start": { "line": 83, "column": 21 },
          "end": { "line": 83, "column": 28 }
        },
        "loc": {
          "start": { "line": 83, "column": 28 },
          "end": { "line": 97, "column": null }
        }
      },
      "5": {
        "name": "(anonymous_6)",
        "decl": {
          "start": { "line": 99, "column": 12 },
          "end": { "line": 99, "column": null }
        },
        "loc": {
          "start": { "line": 99, "column": 12 },
          "end": { "line": 101, "column": 5 }
        }
      },
      "6": {
        "name": "(anonymous_7)",
        "decl": {
          "start": { "line": 105, "column": 4 },
          "end": { "line": 105, "column": null }
        },
        "loc": {
          "start": { "line": 106, "column": 6 },
          "end": { "line": 107, "column": 56 }
        }
      },
      "7": {
        "name": "(anonymous_8)",
        "decl": {
          "start": { "line": 111, "column": 47 },
          "end": { "line": 111, "column": 55 }
        },
        "loc": {
          "start": { "line": 111, "column": 55 },
          "end": { "line": 111, "column": 65 }
        }
      },
      "8": {
        "name": "(anonymous_9)",
        "decl": {
          "start": { "line": 140, "column": 23 },
          "end": { "line": 140, "column": 29 }
        },
        "loc": {
          "start": { "line": 140, "column": 29 },
          "end": { "line": 140, "column": null }
        }
      },
      "9": {
        "name": "(anonymous_10)",
        "decl": {
          "start": { "line": 205, "column": 30 },
          "end": { "line": 205, "column": null }
        },
        "loc": {
          "start": { "line": 206, "column": 22 },
          "end": { "line": 206, "column": null }
        }
      },
      "10": {
        "name": "(anonymous_11)",
        "decl": {
          "start": { "line": 220, "column": 30 },
          "end": { "line": 220, "column": null }
        },
        "loc": {
          "start": { "line": 221, "column": 22 },
          "end": { "line": 221, "column": null }
        }
      },
      "11": {
        "name": "(anonymous_12)",
        "decl": {
          "start": { "line": 233, "column": 30 },
          "end": { "line": 233, "column": null }
        },
        "loc": {
          "start": { "line": 234, "column": 22 },
          "end": { "line": 234, "column": null }
        }
      },
      "12": {
        "name": "(anonymous_13)",
        "decl": {
          "start": { "line": 251, "column": 28 },
          "end": { "line": 251, "column": null }
        },
        "loc": {
          "start": { "line": 252, "column": 20 },
          "end": { "line": 252, "column": null }
        }
      },
      "13": {
        "name": "(anonymous_14)",
        "decl": {
          "start": { "line": 267, "column": 27 },
          "end": { "line": 267, "column": 33 }
        },
        "loc": {
          "start": { "line": 267, "column": 33 },
          "end": { "line": 267, "column": null }
        }
      },
      "14": {
        "name": "(anonymous_15)",
        "decl": {
          "start": { "line": 287, "column": 26 },
          "end": { "line": 287, "column": 31 }
        },
        "loc": {
          "start": { "line": 287, "column": 31 },
          "end": { "line": 287, "column": null }
        }
      },
      "15": {
        "name": "(anonymous_16)",
        "decl": {
          "start": { "line": 291, "column": 29 },
          "end": { "line": 291, "column": null }
        },
        "loc": {
          "start": { "line": 292, "column": 18 },
          "end": { "line": 292, "column": 39 }
        }
      },
      "16": {
        "name": "(anonymous_17)",
        "decl": {
          "start": { "line": 304, "column": 26 },
          "end": { "line": 304, "column": null }
        },
        "loc": {
          "start": { "line": 305, "column": 18 },
          "end": { "line": 305, "column": null }
        }
      },
      "17": {
        "name": "(anonymous_18)",
        "decl": {
          "start": { "line": 347, "column": 35 },
          "end": { "line": 347, "column": null }
        },
        "loc": {
          "start": { "line": 348, "column": 18 },
          "end": { "line": 348, "column": 36 }
        }
      },
      "18": {
        "name": "(anonymous_19)",
        "decl": {
          "start": { "line": 372, "column": 36 },
          "end": { "line": 372, "column": null }
        },
        "loc": {
          "start": { "line": 373, "column": 28 },
          "end": { "line": 376, "column": null }
        }
      },
      "19": {
        "name": "(anonymous_20)",
        "decl": {
          "start": { "line": 391, "column": 37 },
          "end": { "line": 391, "column": 43 }
        },
        "loc": {
          "start": { "line": 391, "column": 43 },
          "end": { "line": 391, "column": null }
        }
      },
      "20": {
        "name": "(anonymous_21)",
        "decl": {
          "start": { "line": 397, "column": 37 },
          "end": { "line": 397, "column": 43 }
        },
        "loc": {
          "start": { "line": 397, "column": 43 },
          "end": { "line": 397, "column": null }
        }
      },
      "21": {
        "name": "(anonymous_22)",
        "decl": {
          "start": { "line": 406, "column": 37 },
          "end": { "line": 406, "column": 43 }
        },
        "loc": {
          "start": { "line": 406, "column": 43 },
          "end": { "line": 406, "column": null }
        }
      },
      "22": {
        "name": "(anonymous_23)",
        "decl": {
          "start": { "line": 412, "column": 37 },
          "end": { "line": 412, "column": 43 }
        },
        "loc": {
          "start": { "line": 412, "column": 43 },
          "end": { "line": 412, "column": null }
        }
      }
    },
    "branchMap": {
      "0": {
        "loc": {
          "start": { "line": 33, "column": 6 },
          "end": { "line": 36, "column": null }
        },
        "type": "if",
        "locations": [
          {
            "start": { "line": 33, "column": 6 },
            "end": { "line": 36, "column": null }
          }
        ]
      },
      "1": {
        "loc": {
          "start": { "line": 53, "column": 6 },
          "end": { "line": 56, "column": null }
        },
        "type": "if",
        "locations": [
          {
            "start": { "line": 53, "column": 6 },
            "end": { "line": 56, "column": null }
          }
        ]
      },
      "2": {
        "loc": {
          "start": { "line": 72, "column": 6 },
          "end": { "line": 76, "column": null }
        },
        "type": "if",
        "locations": [
          {
            "start": { "line": 72, "column": 6 },
            "end": { "line": 76, "column": null }
          }
        ]
      },
      "3": {
        "loc": {
          "start": { "line": 84, "column": 4 },
          "end": { "line": 84, "column": null }
        },
        "type": "if",
        "locations": [
          {
            "start": { "line": 84, "column": 4 },
            "end": { "line": 84, "column": null }
          }
        ]
      },
      "4": {
        "loc": {
          "start": { "line": 91, "column": 6 },
          "end": { "line": 93, "column": null }
        },
        "type": "if",
        "locations": [
          {
            "start": { "line": 91, "column": 6 },
            "end": { "line": 93, "column": null }
          }
        ]
      },
      "5": {
        "loc": {
          "start": { "line": 106, "column": 6 },
          "end": { "line": 107, "column": 56 }
        },
        "type": "binary-expr",
        "locations": [
          {
            "start": { "line": 106, "column": 7 },
            "end": { "line": 106, "column": 20 }
          },
          {
            "start": { "line": 106, "column": 24 },
            "end": { "line": 106, "column": null }
          },
          {
            "start": { "line": 107, "column": 7 },
            "end": { "line": 107, "column": 22 }
          },
          {
            "start": { "line": 107, "column": 26 },
            "end": { "line": 107, "column": 56 }
          }
        ]
      },
      "6": {
        "loc": {
          "start": { "line": 114, "column": 2 },
          "end": { "line": 123, "column": null }
        },
        "type": "if",
        "locations": [
          {
            "start": { "line": 114, "column": 2 },
            "end": { "line": 123, "column": null }
          }
        ]
      },
      "7": {
        "loc": {
          "start": { "line": 190, "column": 9 },
          "end": { "line": 190, "column": null }
        },
        "type": "binary-expr",
        "locations": [
          {
            "start": { "line": 190, "column": 9 },
            "end": { "line": 190, "column": null }
          }
        ]
      },
      "8": {
        "loc": {
          "start": { "line": 358, "column": 26 },
          "end": { "line": 362, "column": null }
        },
        "type": "cond-expr",
        "locations": [
          {
            "start": { "line": 359, "column": 30 },
            "end": { "line": 359, "column": null }
          },
          {
            "start": { "line": 360, "column": 30 },
            "end": { "line": 362, "column": null }
          }
        ]
      },
      "9": {
        "loc": {
          "start": { "line": 360, "column": 30 },
          "end": { "line": 362, "column": null }
        },
        "type": "cond-expr",
        "locations": [
          {
            "start": { "line": 361, "column": 32 },
            "end": { "line": 361, "column": null }
          },
          {
            "start": { "line": 362, "column": 32 },
            "end": { "line": 362, "column": null }
          }
        ]
      },
      "10": {
        "loc": {
          "start": { "line": 370, "column": 24 },
          "end": { "line": 382, "column": 25 }
        },
        "type": "cond-expr",
        "locations": [
          {
            "start": { "line": 370, "column": 24 },
            "end": { "line": 382, "column": 25 }
          }
        ]
      },
      "11": {
        "loc": {
          "start": { "line": 389, "column": 24 },
          "end": { "line": 404, "column": 25 }
        },
        "type": "cond-expr",
        "locations": [
          {
            "start": { "line": 389, "column": 24 },
            "end": { "line": 404, "column": 25 }
          }
        ]
      }
    },
    "s": {
      "0": 0,
      "1": 0,
      "2": 0,
      "3": 0,
      "4": 0,
      "5": 0,
      "6": 0,
      "7": 0,
      "8": 0,
      "9": 0,
      "10": 0,
      "11": 0,
      "12": 0,
      "13": 0,
      "14": 0,
      "15": 0,
      "16": 0,
      "17": 0,
      "18": 0,
      "19": 0,
      "20": 0,
      "21": 0,
      "22": 0,
      "23": 0,
      "24": 0,
      "25": 0,
      "26": 0,
      "27": 0,
      "28": 0,
      "29": 0,
      "30": 0,
      "31": 0,
      "32": 0,
      "33": 0,
      "34": 0,
      "35": 0,
      "36": 0,
      "37": 0,
      "38": 0,
      "39": 0,
      "40": 0,
      "41": 0,
      "42": 0,
      "43": 0,
      "44": 0,
      "45": 0,
      "46": 0,
      "47": 0,
      "48": 0,
      "49": 0,
      "50": 0,
      "51": 0,
      "52": 0,
      "53": 0,
      "54": 0,
      "55": 0,
      "56": 0,
      "57": 0,
      "58": 0,
      "59": 0,
      "60": 0,
      "61": 0,
      "62": 0
    },
    "f": {
      "0": 0,
      "1": 0,
      "2": 0,
      "3": 0,
      "4": 0,
      "5": 0,
      "6": 0,
      "7": 0,
      "8": 0,
      "9": 0,
      "10": 0,
      "11": 0,
      "12": 0,
      "13": 0,
      "14": 0,
      "15": 0,
      "16": 0,
      "17": 0,
      "18": 0,
      "19": 0,
      "20": 0,
      "21": 0,
      "22": 0
    },
    "b": {
      "0": [0],
      "1": [0],
      "2": [0],
      "3": [0],
      "4": [0],
      "5": [0, 0, 0, 0],
      "6": [0],
      "7": [0],
      "8": [0, 0],
      "9": [0, 0],
      "10": [0],
      "11": [0]
    }
  },
  "D:\\Projekte\\lopez-it-welt\\src\\app\\api\\admin\\stats\\route.ts": {
    "path": "D:\\Projekte\\lopez-it-welt\\src\\app\\api\\admin\\stats\\route.ts",
    "statementMap": {
      "0": {
        "start": { "line": 4, "column": 22 },
        "end": { "line": 4, "column": null }
      },
      "1": {
        "start": { "line": 1, "column": 29 },
        "end": { "line": 1, "column": null }
      },
      "2": {
        "start": { "line": 5, "column": 2 },
        "end": { "line": 24, "column": null }
      },
      "3": {
        "start": { "line": 8, "column": 18 },
        "end": { "line": 15, "column": null }
      },
      "4": {
        "start": { "line": 17, "column": 4 },
        "end": { "line": 17, "column": null }
      },
      "5": {
        "start": { "line": 19, "column": 4 },
        "end": { "line": 19, "column": null }
      },
      "6": {
        "start": { "line": 20, "column": 4 },
        "end": { "line": 22, "column": null }
      }
    },
    "fnMap": {
      "0": {
        "name": "GET",
        "decl": {
          "start": { "line": 4, "column": 22 },
          "end": { "line": 4, "column": null }
        },
        "loc": {
          "start": { "line": 4, "column": 22 },
          "end": { "line": 25, "column": null }
        }
      }
    },
    "branchMap": {},
    "s": { "0": 0, "1": 0, "2": 0, "3": 0, "4": 0, "5": 0, "6": 0 },
    "f": { "0": 0 },
    "b": {}
  },
  "D:\\Projekte\\lopez-it-welt\\src\\app\\api\\admin\\texts\\route.ts": {
    "path": "D:\\Projekte\\lopez-it-welt\\src\\app\\api\\admin\\texts\\route.ts",
    "statementMap": {
      "0": {
        "start": { "line": 344, "column": 22 },
        "end": { "line": 344, "column": 28 }
      },
      "1": {
        "start": { "line": 269, "column": 22 },
        "end": { "line": 269, "column": 25 }
      },
      "2": {
        "start": { "line": 283, "column": 22 },
        "end": { "line": 283, "column": 26 }
      },
      "3": {
        "start": { "line": 317, "column": 22 },
        "end": { "line": 317, "column": 25 }
      },
      "4": {
        "start": { "line": 1, "column": 29 },
        "end": { "line": 1, "column": null }
      },
      "5": {
        "start": { "line": 4, "column": 18 },
        "end": { "line": 267, "column": null }
      },
      "6": {
        "start": { "line": 270, "column": 2 },
        "end": { "line": 280, "column": null }
      },
      "7": {
        "start": { "line": 273, "column": 4 },
        "end": { "line": 273, "column": null }
      },
      "8": {
        "start": { "line": 275, "column": 4 },
        "end": { "line": 275, "column": null }
      },
      "9": {
        "start": { "line": 276, "column": 4 },
        "end": { "line": 278, "column": null }
      },
      "10": {
        "start": { "line": 284, "column": 2 },
        "end": { "line": 314, "column": null }
      },
      "11": {
        "start": { "line": 285, "column": 17 },
        "end": { "line": 285, "column": null }
      },
      "12": {
        "start": { "line": 286, "column": 45 },
        "end": { "line": 286, "column": null }
      },
      "13": {
        "start": { "line": 289, "column": 4 },
        "end": { "line": 294, "column": null }
      },
      "14": {
        "start": { "line": 290, "column": 6 },
        "end": { "line": 292, "column": null }
      },
      "15": {
        "start": { "line": 299, "column": 20 },
        "end": { "line": 305, "column": null }
      },
      "16": {
        "start": { "line": 307, "column": 4 },
        "end": { "line": 307, "column": null }
      },
      "17": {
        "start": { "line": 309, "column": 4 },
        "end": { "line": 309, "column": null }
      },
      "18": {
        "start": { "line": 310, "column": 4 },
        "end": { "line": 312, "column": null }
      },
      "19": {
        "start": { "line": 318, "column": 2 },
        "end": { "line": 341, "column": null }
      },
      "20": {
        "start": { "line": 319, "column": 17 },
        "end": { "line": 319, "column": null }
      },
      "21": {
        "start": { "line": 320, "column": 49 },
        "end": { "line": 320, "column": null }
      },
      "22": {
        "start": { "line": 323, "column": 4 },
        "end": { "line": 328, "column": null }
      },
      "23": {
        "start": { "line": 324, "column": 6 },
        "end": { "line": 326, "column": null }
      },
      "24": {
        "start": { "line": 333, "column": 24 },
        "end": { "line": 333, "column": null }
      },
      "25": {
        "start": { "line": 334, "column": 4 },
        "end": { "line": 334, "column": null }
      },
      "26": {
        "start": { "line": 336, "column": 4 },
        "end": { "line": 336, "column": null }
      },
      "27": {
        "start": { "line": 337, "column": 4 },
        "end": { "line": 339, "column": null }
      },
      "28": {
        "start": { "line": 345, "column": 2 },
        "end": { "line": 366, "column": null }
      },
      "29": {
        "start": { "line": 346, "column": 29 },
        "end": { "line": 346, "column": null }
      },
      "30": {
        "start": { "line": 347, "column": 15 },
        "end": { "line": 347, "column": null }
      },
      "31": {
        "start": { "line": 349, "column": 4 },
        "end": { "line": 354, "column": null }
      },
      "32": {
        "start": { "line": 350, "column": 6 },
        "end": { "line": 352, "column": null }
      },
      "33": {
        "start": { "line": 359, "column": 4 },
        "end": { "line": 359, "column": null }
      },
      "34": {
        "start": { "line": 361, "column": 4 },
        "end": { "line": 361, "column": null }
      },
      "35": {
        "start": { "line": 362, "column": 4 },
        "end": { "line": 364, "column": null }
      }
    },
    "fnMap": {
      "0": {
        "name": "GET",
        "decl": {
          "start": { "line": 269, "column": 22 },
          "end": { "line": 269, "column": 25 }
        },
        "loc": {
          "start": { "line": 269, "column": 22 },
          "end": { "line": 281, "column": null }
        }
      },
      "1": {
        "name": "POST",
        "decl": {
          "start": { "line": 283, "column": 22 },
          "end": { "line": 283, "column": 26 }
        },
        "loc": {
          "start": { "line": 283, "column": 43 },
          "end": { "line": 315, "column": null }
        }
      },
      "2": {
        "name": "PUT",
        "decl": {
          "start": { "line": 317, "column": 22 },
          "end": { "line": 317, "column": 25 }
        },
        "loc": {
          "start": { "line": 317, "column": 42 },
          "end": { "line": 342, "column": null }
        }
      },
      "3": {
        "name": "DELETE",
        "decl": {
          "start": { "line": 344, "column": 22 },
          "end": { "line": 344, "column": 28 }
        },
        "loc": {
          "start": { "line": 344, "column": 45 },
          "end": { "line": 367, "column": null }
        }
      }
    },
    "branchMap": {
      "0": {
        "loc": {
          "start": { "line": 289, "column": 4 },
          "end": { "line": 294, "column": null }
        },
        "type": "if",
        "locations": [
          {
            "start": { "line": 289, "column": 4 },
            "end": { "line": 294, "column": null }
          }
        ]
      },
      "1": {
        "loc": {
          "start": { "line": 289, "column": 8 },
          "end": { "line": 289, "column": 48 }
        },
        "type": "binary-expr",
        "locations": [
          {
            "start": { "line": 289, "column": 8 },
            "end": { "line": 289, "column": 18 }
          },
          {
            "start": { "line": 289, "column": 18 },
            "end": { "line": 289, "column": 27 }
          },
          {
            "start": { "line": 289, "column": 27 },
            "end": { "line": 289, "column": 39 }
          },
          {
            "start": { "line": 289, "column": 39 },
            "end": { "line": 289, "column": 48 }
          }
        ]
      },
      "2": {
        "loc": {
          "start": { "line": 323, "column": 4 },
          "end": { "line": 328, "column": null }
        },
        "type": "if",
        "locations": [
          {
            "start": { "line": 323, "column": 4 },
            "end": { "line": 328, "column": null }
          }
        ]
      },
      "3": {
        "loc": {
          "start": { "line": 323, "column": 8 },
          "end": { "line": 323, "column": 55 }
        },
        "type": "binary-expr",
        "locations": [
          {
            "start": { "line": 323, "column": 8 },
            "end": { "line": 323, "column": 15 }
          },
          {
            "start": { "line": 323, "column": 15 },
            "end": { "line": 323, "column": 25 }
          },
          {
            "start": { "line": 323, "column": 25 },
            "end": { "line": 323, "column": 34 }
          },
          {
            "start": { "line": 323, "column": 34 },
            "end": { "line": 323, "column": 46 }
          },
          {
            "start": { "line": 323, "column": 46 },
            "end": { "line": 323, "column": 55 }
          }
        ]
      },
      "4": {
        "loc": {
          "start": { "line": 349, "column": 4 },
          "end": { "line": 354, "column": null }
        },
        "type": "if",
        "locations": [
          {
            "start": { "line": 349, "column": 4 },
            "end": { "line": 354, "column": null }
          }
        ]
      }
    },
    "s": {
      "0": 0,
      "1": 0,
      "2": 0,
      "3": 0,
      "4": 0,
      "5": 0,
      "6": 0,
      "7": 0,
      "8": 0,
      "9": 0,
      "10": 0,
      "11": 0,
      "12": 0,
      "13": 0,
      "14": 0,
      "15": 0,
      "16": 0,
      "17": 0,
      "18": 0,
      "19": 0,
      "20": 0,
      "21": 0,
      "22": 0,
      "23": 0,
      "24": 0,
      "25": 0,
      "26": 0,
      "27": 0,
      "28": 0,
      "29": 0,
      "30": 0,
      "31": 0,
      "32": 0,
      "33": 0,
      "34": 0,
      "35": 0
    },
    "f": { "0": 0, "1": 0, "2": 0, "3": 0 },
    "b": {
      "0": [0],
      "1": [0, 0, 0, 0],
      "2": [0],
      "3": [0, 0, 0, 0, 0],
      "4": [0]
    }
  },
  "D:\\Projekte\\lopez-it-welt\\src\\app\\cookie-einstellungen\\page.tsx": {
    "path": "D:\\Projekte\\lopez-it-welt\\src\\app\\cookie-einstellungen\\page.tsx",
    "statementMap": {
      "0": {
        "start": { "line": 5, "column": 24 },
        "end": { "line": 5, "column": null }
      },
      "1": {
        "start": { "line": 2, "column": 36 },
        "end": { "line": 2, "column": null }
      },
      "2": {
        "start": { "line": 3, "column": 24 },
        "end": { "line": 3, "column": null }
      },
      "3": {
        "start": { "line": 6, "column": 16 },
        "end": { "line": 6, "column": null }
      },
      "4": {
        "start": { "line": 7, "column": 46 },
        "end": { "line": 12, "column": null }
      },
      "5": {
        "start": { "line": 14, "column": 2 },
        "end": { "line": 21, "column": null }
      },
      "6": {
        "start": { "line": 16, "column": 26 },
        "end": { "line": 16, "column": null }
      },
      "7": {
        "start": { "line": 17, "column": 4 },
        "end": { "line": 20, "column": null }
      },
      "8": {
        "start": { "line": 18, "column": 21 },
        "end": { "line": 18, "column": null }
      },
      "9": {
        "start": { "line": 19, "column": 6 },
        "end": { "line": 19, "column": null }
      },
      "10": {
        "start": { "line": 23, "column": 30 },
        "end": { "line": 27, "column": null }
      },
      "11": {
        "start": { "line": 24, "column": 24 },
        "end": { "line": 24, "column": null }
      },
      "12": {
        "start": { "line": 25, "column": 4 },
        "end": { "line": 25, "column": null }
      },
      "13": {
        "start": { "line": 26, "column": 4 },
        "end": { "line": 26, "column": null }
      },
      "14": {
        "start": { "line": 29, "column": 24 },
        "end": { "line": 33, "column": null }
      },
      "15": {
        "start": { "line": 30, "column": 4 },
        "end": { "line": 30, "column": null }
      },
      "16": {
        "start": { "line": 31, "column": 4 },
        "end": { "line": 31, "column": null }
      },
      "17": {
        "start": { "line": 97, "column": 18 },
        "end": { "line": 97, "column": null }
      },
      "18": {
        "start": { "line": 121, "column": 18 },
        "end": { "line": 121, "column": null }
      },
      "19": {
        "start": { "line": 145, "column": 18 },
        "end": { "line": 145, "column": null }
      },
      "20": {
        "start": { "line": 165, "column": 14 },
        "end": { "line": 170, "column": null }
      },
      "21": {
        "start": { "line": 171, "column": 14 },
        "end": { "line": 178, "column": null }
      },
      "22": {
        "start": { "line": 180, "column": 14 },
        "end": { "line": 180, "column": null }
      }
    },
    "fnMap": {
      "0": {
        "name": "CookieEinstellungen",
        "decl": {
          "start": { "line": 5, "column": 24 },
          "end": { "line": 5, "column": null }
        },
        "loc": {
          "start": { "line": 5, "column": 24 },
          "end": { "line": 206, "column": null }
        }
      },
      "1": {
        "name": "(anonymous_2)",
        "decl": {
          "start": { "line": 14, "column": 12 },
          "end": { "line": 14, "column": null }
        },
        "loc": {
          "start": { "line": 14, "column": 12 },
          "end": { "line": 21, "column": 5 }
        }
      },
      "2": {
        "name": "(anonymous_3)",
        "decl": {
          "start": { "line": 23, "column": 30 },
          "end": { "line": 23, "column": 31 }
        },
        "loc": {
          "start": { "line": 23, "column": 48 },
          "end": { "line": 27, "column": null }
        }
      },
      "3": {
        "name": "(anonymous_4)",
        "decl": {
          "start": { "line": 29, "column": 24 },
          "end": { "line": 29, "column": null }
        },
        "loc": {
          "start": { "line": 29, "column": 24 },
          "end": { "line": 33, "column": null }
        }
      },
      "4": {
        "name": "(anonymous_5)",
        "decl": {
          "start": { "line": 96, "column": 26 },
          "end": { "line": 96, "column": null }
        },
        "loc": {
          "start": { "line": 97, "column": 18 },
          "end": { "line": 97, "column": null }
        }
      },
      "5": {
        "name": "(anonymous_6)",
        "decl": {
          "start": { "line": 120, "column": 26 },
          "end": { "line": 120, "column": null }
        },
        "loc": {
          "start": { "line": 121, "column": 18 },
          "end": { "line": 121, "column": null }
        }
      },
      "6": {
        "name": "(anonymous_7)",
        "decl": {
          "start": { "line": 144, "column": 26 },
          "end": { "line": 144, "column": null }
        },
        "loc": {
          "start": { "line": 145, "column": 18 },
          "end": { "line": 145, "column": null }
        }
      },
      "7": {
        "name": "(anonymous_8)",
        "decl": {
          "start": { "line": 164, "column": 21 },
          "end": { "line": 164, "column": null }
        },
        "loc": {
          "start": { "line": 164, "column": 21 },
          "end": { "line": 181, "column": null }
        }
      }
    },
    "branchMap": {
      "0": {
        "loc": {
          "start": { "line": 17, "column": 4 },
          "end": { "line": 20, "column": null }
        },
        "type": "if",
        "locations": [
          {
            "start": { "line": 17, "column": 4 },
            "end": { "line": 20, "column": null }
          }
        ]
      }
    },
    "s": {
      "0": 0,
      "1": 0,
      "2": 0,
      "3": 0,
      "4": 0,
      "5": 0,
      "6": 0,
      "7": 0,
      "8": 0,
      "9": 0,
      "10": 0,
      "11": 0,
      "12": 0,
      "13": 0,
      "14": 0,
      "15": 0,
      "16": 0,
      "17": 0,
      "18": 0,
      "19": 0,
      "20": 0,
      "21": 0,
      "22": 0
    },
    "f": { "0": 0, "1": 0, "2": 0, "3": 0, "4": 0, "5": 0, "6": 0, "7": 0 },
    "b": { "0": [0] }
  },
  "D:\\Projekte\\lopez-it-welt\\src\\app\\datenschutz\\page.tsx": {
    "path": "D:\\Projekte\\lopez-it-welt\\src\\app\\datenschutz\\page.tsx",
    "statementMap": {
      "0": {
        "start": { "line": 5, "column": 24 },
        "end": { "line": 5, "column": null }
      },
      "1": {
        "start": { "line": 2, "column": 26 },
        "end": { "line": 2, "column": null }
      },
      "2": {
        "start": { "line": 3, "column": 24 },
        "end": { "line": 3, "column": null }
      },
      "3": {
        "start": { "line": 6, "column": 16 },
        "end": { "line": 6, "column": null }
      },
      "4": {
        "start": { "line": 8, "column": 2 },
        "end": { "line": 10, "column": null }
      }
    },
    "fnMap": {
      "0": {
        "name": "Datenschutz",
        "decl": {
          "start": { "line": 5, "column": 24 },
          "end": { "line": 5, "column": null }
        },
        "loc": {
          "start": { "line": 5, "column": 24 },
          "end": { "line": 261, "column": null }
        }
      },
      "1": {
        "name": "(anonymous_2)",
        "decl": {
          "start": { "line": 8, "column": 12 },
          "end": { "line": 8, "column": null }
        },
        "loc": {
          "start": { "line": 8, "column": 12 },
          "end": { "line": 10, "column": 5 }
        }
      }
    },
    "branchMap": {},
    "s": { "0": 0, "1": 0, "2": 0, "3": 0, "4": 0 },
    "f": { "0": 0, "1": 0 },
    "b": {}
  },
  "D:\\Projekte\\lopez-it-welt\\src\\app\\impressum\\page.tsx": {
    "path": "D:\\Projekte\\lopez-it-welt\\src\\app\\impressum\\page.tsx",
    "statementMap": {
      "0": {
        "start": { "line": 4, "column": 24 },
        "end": { "line": 4, "column": null }
      },
      "1": {
        "start": { "line": 2, "column": 24 },
        "end": { "line": 2, "column": null }
      },
      "2": {
        "start": { "line": 5, "column": 16 },
        "end": { "line": 5, "column": null }
      }
    },
    "fnMap": {
      "0": {
        "name": "Impressum",
        "decl": {
          "start": { "line": 4, "column": 24 },
          "end": { "line": 4, "column": null }
        },
        "loc": {
          "start": { "line": 4, "column": 24 },
          "end": { "line": 152, "column": null }
        }
      }
    },
    "branchMap": {},
    "s": { "0": 0, "1": 0, "2": 0 },
    "f": { "0": 0 },
    "b": {}
  },
  "D:\\Projekte\\lopez-it-welt\\src\\app\\login\\page.tsx": {
    "path": "D:\\Projekte\\lopez-it-welt\\src\\app\\login\\page.tsx",
    "statementMap": {
      "0": {
        "start": { "line": 7, "column": 24 },
        "end": { "line": 7, "column": null }
      },
      "1": {
        "start": { "line": 2, "column": 17 },
        "end": { "line": 2, "column": null }
      },
      "2": {
        "start": { "line": 3, "column": 32 },
        "end": { "line": 3, "column": null }
      },
      "3": {
        "start": { "line": 4, "column": 23 },
        "end": { "line": 4, "column": null }
      },
      "4": {
        "start": { "line": 5, "column": 24 },
        "end": { "line": 5, "column": null }
      },
      "5": {
        "start": { "line": 8, "column": 16 },
        "end": { "line": 8, "column": null }
      },
      "6": {
        "start": { "line": 9, "column": 32 },
        "end": { "line": 9, "column": null }
      },
      "7": {
        "start": { "line": 10, "column": 34 },
        "end": { "line": 15, "column": null }
      },
      "8": {
        "start": { "line": 16, "column": 36 },
        "end": { "line": 16, "column": null }
      },
      "9": {
        "start": { "line": 18, "column": 23 },
        "end": { "line": 35, "column": null }
      },
      "10": {
        "start": { "line": 19, "column": 4 },
        "end": { "line": 19, "column": null }
      },
      "11": {
        "start": { "line": 20, "column": 4 },
        "end": { "line": 20, "column": null }
      },
      "12": {
        "start": { "line": 23, "column": 4 },
        "end": { "line": 34, "column": null }
      },
      "13": {
        "start": { "line": 24, "column": 6 },
        "end": { "line": 32, "column": null }
      },
      "14": {
        "start": { "line": 26, "column": 8 },
        "end": { "line": 26, "column": null }
      },
      "15": {
        "start": { "line": 27, "column": 8 },
        "end": { "line": 27, "column": null }
      },
      "16": {
        "start": { "line": 30, "column": 8 },
        "end": { "line": 30, "column": null }
      },
      "17": {
        "start": { "line": 31, "column": 8 },
        "end": { "line": 31, "column": null }
      },
      "18": {
        "start": { "line": 33, "column": 6 },
        "end": { "line": 33, "column": null }
      },
      "19": {
        "start": { "line": 37, "column": 28 },
        "end": { "line": 42, "column": null }
      },
      "20": {
        "start": { "line": 38, "column": 4 },
        "end": { "line": 41, "column": null }
      },
      "21": {
        "start": { "line": 61, "column": 33 },
        "end": { "line": 61, "column": null }
      },
      "22": {
        "start": { "line": 71, "column": 33 },
        "end": { "line": 71, "column": null }
      }
    },
    "fnMap": {
      "0": {
        "name": "Login",
        "decl": {
          "start": { "line": 7, "column": 24 },
          "end": { "line": 7, "column": null }
        },
        "loc": {
          "start": { "line": 7, "column": 24 },
          "end": { "line": 228, "column": null }
        }
      },
      "1": {
        "name": "(anonymous_6)",
        "decl": {
          "start": { "line": 18, "column": 23 },
          "end": { "line": 18, "column": 30 }
        },
        "loc": {
          "start": { "line": 18, "column": 30 },
          "end": { "line": 35, "column": null }
        }
      },
      "2": {
        "name": "(anonymous_7)",
        "decl": {
          "start": { "line": 23, "column": 15 },
          "end": { "line": 23, "column": null }
        },
        "loc": {
          "start": { "line": 23, "column": 15 },
          "end": { "line": 34, "column": 7 }
        }
      },
      "3": {
        "name": "(anonymous_8)",
        "decl": {
          "start": { "line": 37, "column": 28 },
          "end": { "line": 37, "column": 29 }
        },
        "loc": {
          "start": { "line": 37, "column": 29 },
          "end": { "line": 42, "column": null }
        }
      },
      "4": {
        "name": "(anonymous_9)",
        "decl": {
          "start": { "line": 61, "column": 27 },
          "end": { "line": 61, "column": 33 }
        },
        "loc": {
          "start": { "line": 61, "column": 33 },
          "end": { "line": 61, "column": null }
        }
      },
      "5": {
        "name": "(anonymous_10)",
        "decl": {
          "start": { "line": 71, "column": 27 },
          "end": { "line": 71, "column": 33 }
        },
        "loc": {
          "start": { "line": 71, "column": 33 },
          "end": { "line": 71, "column": null }
        }
      }
    },
    "branchMap": {
      "0": {
        "loc": {
          "start": { "line": 24, "column": 6 },
          "end": { "line": 32, "column": null }
        },
        "type": "if",
        "locations": [
          {
            "start": { "line": 24, "column": 6 },
            "end": { "line": 32, "column": null }
          },
          {
            "start": { "line": 28, "column": 13 },
            "end": { "line": 32, "column": null }
          }
        ]
      },
      "1": {
        "loc": {
          "start": { "line": 54, "column": 13 },
          "end": { "line": 54, "column": null }
        },
        "type": "cond-expr",
        "locations": [
          {
            "start": { "line": 54, "column": 23 },
            "end": { "line": 54, "column": 47 }
          },
          {
            "start": { "line": 54, "column": 47 },
            "end": { "line": 54, "column": null }
          }
        ]
      },
      "2": {
        "loc": {
          "start": { "line": 58, "column": 14 },
          "end": { "line": 68, "column": null }
        },
        "type": "cond-expr",
        "locations": [
          {
            "start": { "line": 58, "column": 14 },
            "end": { "line": 68, "column": null }
          }
        ]
      },
      "3": {
        "loc": {
          "start": { "line": 83, "column": 13 },
          "end": { "line": 83, "column": null }
        },
        "type": "binary-expr",
        "locations": [
          {
            "start": { "line": 83, "column": 13 },
            "end": { "line": 83, "column": null }
          }
        ]
      },
      "4": {
        "loc": {
          "start": { "line": 111, "column": 18 },
          "end": { "line": 111, "column": null }
        },
        "type": "cond-expr",
        "locations": [
          {
            "start": { "line": 111, "column": 28 },
            "end": { "line": 111, "column": 45 }
          },
          {
            "start": { "line": 111, "column": 45 },
            "end": { "line": 111, "column": null }
          }
        ]
      },
      "5": {
        "loc": {
          "start": { "line": 126, "column": 30 },
          "end": { "line": 126, "column": null }
        },
        "type": "cond-expr",
        "locations": [
          {
            "start": { "line": 126, "column": 40 },
            "end": { "line": 126, "column": 61 }
          },
          {
            "start": { "line": 126, "column": 61 },
            "end": { "line": 126, "column": null }
          }
        ]
      },
      "6": {
        "loc": {
          "start": { "line": 134, "column": 13 },
          "end": { "line": 134, "column": null }
        },
        "type": "binary-expr",
        "locations": [
          {
            "start": { "line": 134, "column": 13 },
            "end": { "line": 134, "column": null }
          }
        ]
      },
      "7": {
        "loc": {
          "start": { "line": 152, "column": 13 },
          "end": { "line": 152, "column": null }
        },
        "type": "binary-expr",
        "locations": [
          {
            "start": { "line": 152, "column": 13 },
            "end": { "line": 152, "column": null }
          }
        ]
      },
      "8": {
        "loc": {
          "start": { "line": 172, "column": 11 },
          "end": { "line": 172, "column": null }
        },
        "type": "binary-expr",
        "locations": [
          {
            "start": { "line": 172, "column": 11 },
            "end": { "line": 172, "column": null }
          }
        ]
      },
      "9": {
        "loc": {
          "start": { "line": 208, "column": 15 },
          "end": { "line": 212, "column": null }
        },
        "type": "cond-expr",
        "locations": [
          {
            "start": { "line": 209, "column": 18 },
            "end": { "line": 209, "column": null }
          },
          {
            "start": { "line": 210, "column": 18 },
            "end": { "line": 212, "column": null }
          }
        ]
      },
      "10": {
        "loc": {
          "start": { "line": 210, "column": 18 },
          "end": { "line": 212, "column": null }
        },
        "type": "cond-expr",
        "locations": [
          {
            "start": { "line": 211, "column": 20 },
            "end": { "line": 211, "column": null }
          },
          {
            "start": { "line": 212, "column": 20 },
            "end": { "line": 212, "column": null }
          }
        ]
      }
    },
    "s": {
      "0": 0,
      "1": 0,
      "2": 0,
      "3": 0,
      "4": 0,
      "5": 0,
      "6": 0,
      "7": 0,
      "8": 0,
      "9": 0,
      "10": 0,
      "11": 0,
      "12": 0,
      "13": 0,
      "14": 0,
      "15": 0,
      "16": 0,
      "17": 0,
      "18": 0,
      "19": 0,
      "20": 0,
      "21": 0,
      "22": 0
    },
    "f": { "0": 0, "1": 0, "2": 0, "3": 0, "4": 0, "5": 0 },
    "b": {
      "0": [0, 0],
      "1": [0, 0],
      "2": [0],
      "3": [0],
      "4": [0, 0],
      "5": [0, 0],
      "6": [0],
      "7": [0],
      "8": [0],
      "9": [0, 0],
      "10": [0, 0]
    }
  },
  "D:\\Projekte\\lopez-it-welt\\src\\app\\ueber-uns\\page.tsx": {
    "path": "D:\\Projekte\\lopez-it-welt\\src\\app\\ueber-uns\\page.tsx",
    "statementMap": {
      "0": {
        "start": { "line": 128, "column": 0 },
        "end": { "line": 128, "column": 15 }
      },
      "1": {
        "start": { "line": 3, "column": 18 },
        "end": { "line": 3, "column": null }
      },
      "2": {
        "start": { "line": 4, "column": 24 },
        "end": { "line": 4, "column": null }
      },
      "3": {
        "start": { "line": 6, "column": 21 },
        "end": { "line": 126, "column": null }
      },
      "4": {
        "start": { "line": 7, "column": 16 },
        "end": { "line": 7, "column": null }
      },
      "5": {
        "start": { "line": 10, "column": 26 },
        "end": { "line": 11, "column": null }
      },
      "6": {
        "start": { "line": 80, "column": 20 },
        "end": { "line": 80, "column": 36 }
      },
      "7": {
        "start": { "line": 128, "column": 15 },
        "end": { "line": 128, "column": null }
      }
    },
    "fnMap": {
      "0": {
        "name": "(anonymous_2)",
        "decl": {
          "start": { "line": 6, "column": 21 },
          "end": { "line": 6, "column": null }
        },
        "loc": {
          "start": { "line": 6, "column": 21 },
          "end": { "line": 126, "column": null }
        }
      },
      "1": {
        "name": "(anonymous_3)",
        "decl": {
          "start": { "line": 79, "column": 38 },
          "end": { "line": 79, "column": 39 }
        },
        "loc": {
          "start": { "line": 80, "column": 20 },
          "end": { "line": 80, "column": 36 }
        }
      }
    },
    "branchMap": {
      "0": {
        "loc": {
          "start": { "line": 78, "column": 17 },
          "end": { "line": 80, "column": 36 }
        },
        "type": "binary-expr",
        "locations": [
          {
            "start": { "line": 78, "column": 17 },
            "end": { "line": 78, "column": null }
          },
          {
            "start": { "line": 79, "column": 18 },
            "end": { "line": 80, "column": 36 }
          }
        ]
      }
    },
    "s": { "0": 0, "1": 0, "2": 0, "3": 0, "4": 0, "5": 0, "6": 0, "7": 0 },
    "f": { "0": 0, "1": 0 },
    "b": { "0": [0, 0] }
  },
  "D:\\Projekte\\lopez-it-welt\\src\\components\\Core\\ClientLayout.tsx": {
    "path": "D:\\Projekte\\lopez-it-welt\\src\\components\\Core\\ClientLayout.tsx",
    "statementMap": {
      "0": {
        "start": { "line": 10, "column": 24 },
        "end": { "line": 10, "column": 37 }
      },
      "1": {
        "start": { "line": 2, "column": 18 },
        "end": { "line": 2, "column": null }
      },
      "2": {
        "start": { "line": 3, "column": 25 },
        "end": { "line": 3, "column": null }
      },
      "3": {
        "start": { "line": 4, "column": 19 },
        "end": { "line": 4, "column": null }
      }
    },
    "fnMap": {
      "0": {
        "name": "ClientLayout",
        "decl": {
          "start": { "line": 10, "column": 24 },
          "end": { "line": 10, "column": 37 }
        },
        "loc": {
          "start": { "line": 10, "column": 68 },
          "end": { "line": 16, "column": null }
        }
      }
    },
    "branchMap": {},
    "s": { "0": 2, "1": 1, "2": 1, "3": 1 },
    "f": { "0": 8 },
    "b": {}
  },
  "D:\\Projekte\\lopez-it-welt\\src\\components\\Core\\Footer.tsx": {
    "path": "D:\\Projekte\\lopez-it-welt\\src\\components\\Core\\Footer.tsx",
    "statementMap": {
      "0": {
        "start": { "line": 216, "column": 0 },
        "end": { "line": 216, "column": 15 }
      },
      "1": {
        "start": { "line": 2, "column": 17 },
        "end": { "line": 2, "column": null }
      },
      "2": {
        "start": { "line": 3, "column": 18 },
        "end": { "line": 3, "column": null }
      },
      "3": {
        "start": { "line": 4, "column": 24 },
        "end": { "line": 4, "column": null }
      },
      "4": {
        "start": { "line": 6, "column": 25 },
        "end": { "line": 214, "column": null }
      },
      "5": {
        "start": { "line": 7, "column": 22 },
        "end": { "line": 7, "column": null }
      },
      "6": {
        "start": { "line": 8, "column": 16 },
        "end": { "line": 8, "column": null }
      },
      "7": {
        "start": { "line": 216, "column": 15 },
        "end": { "line": 216, "column": null }
      }
    },
    "fnMap": {
      "0": {
        "name": "(anonymous_2)",
        "decl": {
          "start": { "line": 6, "column": 25 },
          "end": { "line": 6, "column": null }
        },
        "loc": {
          "start": { "line": 6, "column": 25 },
          "end": { "line": 214, "column": null }
        }
      }
    },
    "branchMap": {},
    "s": { "0": 4, "1": 3, "2": 3, "3": 3, "4": 3, "5": 4, "6": 4, "7": 3 },
    "f": { "0": 4 },
    "b": {}
  },
  "D:\\Projekte\\lopez-it-welt\\src\\components\\Core\\Hauptbereiche.tsx": {
    "path": "D:\\Projekte\\lopez-it-welt\\src\\components\\Core\\Hauptbereiche.tsx",
    "statementMap": {
      "0": {
        "start": { "line": 6, "column": 13 },
        "end": { "line": 6, "column": 39 }
      },
      "1": {
        "start": { "line": 2, "column": 17 },
        "end": { "line": 2, "column": null }
      },
      "2": {
        "start": { "line": 3, "column": 32 },
        "end": { "line": 3, "column": null }
      },
      "3": {
        "start": { "line": 4, "column": 24 },
        "end": { "line": 4, "column": null }
      },
      "4": {
        "start": { "line": 6, "column": 39 },
        "end": { "line": 198, "column": null }
      },
      "5": {
        "start": { "line": 7, "column": 16 },
        "end": { "line": 7, "column": null }
      },
      "6": {
        "start": { "line": 8, "column": 42 },
        "end": { "line": 8, "column": null }
      },
      "7": {
        "start": { "line": 10, "column": 28 },
        "end": { "line": 65, "column": null }
      },
      "8": {
        "start": { "line": 105, "column": 12 },
        "end": { "line": 106, "column": null }
      },
      "9": {
        "start": { "line": 110, "column": 34 },
        "end": { "line": 110, "column": null }
      },
      "10": {
        "start": { "line": 111, "column": 34 },
        "end": { "line": 111, "column": null }
      }
    },
    "fnMap": {
      "0": {
        "name": "(anonymous_5)",
        "decl": {
          "start": { "line": 6, "column": 39 },
          "end": { "line": 6, "column": null }
        },
        "loc": {
          "start": { "line": 6, "column": 39 },
          "end": { "line": 198, "column": null }
        }
      },
      "1": {
        "name": "(anonymous_6)",
        "decl": {
          "start": { "line": 104, "column": 33 },
          "end": { "line": 104, "column": 34 }
        },
        "loc": {
          "start": { "line": 105, "column": 12 },
          "end": { "line": 106, "column": null }
        }
      },
      "2": {
        "name": "(anonymous_7)",
        "decl": {
          "start": { "line": 110, "column": 28 },
          "end": { "line": 110, "column": 34 }
        },
        "loc": {
          "start": { "line": 110, "column": 34 },
          "end": { "line": 110, "column": null }
        }
      },
      "3": {
        "name": "(anonymous_8)",
        "decl": {
          "start": { "line": 111, "column": 28 },
          "end": { "line": 111, "column": 34 }
        },
        "loc": {
          "start": { "line": 111, "column": 34 },
          "end": { "line": 111, "column": null }
        }
      }
    },
    "branchMap": {
      "0": {
        "loc": {
          "start": { "line": 108, "column": 16 },
          "end": { "line": 108, "column": null }
        },
        "type": "cond-expr",
        "locations": [
          {
            "start": { "line": 108, "column": 41 },
            "end": { "line": 108, "column": 55 }
          },
          {
            "start": { "line": 108, "column": 55 },
            "end": { "line": 108, "column": null }
          }
        ]
      },
      "1": {
        "loc": {
          "start": { "line": 133, "column": 17 },
          "end": { "line": 133, "column": 32 }
        },
        "type": "binary-expr",
        "locations": [
          {
            "start": { "line": 133, "column": 17 },
            "end": { "line": 133, "column": 32 }
          }
        ]
      }
    },
    "s": {
      "0": 2,
      "1": 2,
      "2": 2,
      "3": 2,
      "4": 2,
      "5": 2,
      "6": 2,
      "7": 2,
      "8": 12,
      "9": 0,
      "10": 0
    },
    "f": { "0": 2, "1": 12, "2": 0, "3": 0 },
    "b": { "0": [0, 12], "1": [12] }
  },
  "D:\\Projekte\\lopez-it-welt\\src\\components\\Core\\Header.tsx": {
    "path": "D:\\Projekte\\lopez-it-welt\\src\\components\\Core\\Header.tsx",
    "statementMap": {
      "0": {
        "start": { "line": 478, "column": 0 },
        "end": { "line": 478, "column": 15 }
      },
      "1": {
        "start": { "line": 2, "column": 50 },
        "end": { "line": 2, "column": null }
      },
      "2": {
        "start": { "line": 3, "column": 17 },
        "end": { "line": 3, "column": null }
      },
      "3": {
        "start": { "line": 4, "column": 51 },
        "end": { "line": 4, "column": null }
      },
      "4": {
        "start": { "line": 5, "column": 29 },
        "end": { "line": 5, "column": null }
      },
      "5": {
        "start": { "line": 6, "column": 24 },
        "end": { "line": 6, "column": null }
      },
      "6": {
        "start": { "line": 8, "column": 25 },
        "end": { "line": 476, "column": null }
      },
      "7": {
        "start": { "line": 9, "column": 38 },
        "end": { "line": 9, "column": null }
      },
      "8": {
        "start": { "line": 10, "column": 38 },
        "end": { "line": 10, "column": null }
      },
      "9": {
        "start": { "line": 11, "column": 56 },
        "end": { "line": 11, "column": null }
      },
      "10": {
        "start": { "line": 12, "column": 48 },
        "end": { "line": 12, "column": null }
      },
      "11": {
        "start": { "line": 13, "column": 38 },
        "end": { "line": 14, "column": null }
      },
      "12": {
        "start": { "line": 17, "column": 39 },
        "end": { "line": 17, "column": null }
      },
      "13": {
        "start": { "line": 19, "column": 18 },
        "end": { "line": 19, "column": null }
      },
      "14": {
        "start": { "line": 20, "column": 20 },
        "end": { "line": 20, "column": null }
      },
      "15": {
        "start": { "line": 23, "column": 2 },
        "end": { "line": 26, "column": null }
      },
      "16": {
        "start": { "line": 24, "column": 23 },
        "end": { "line": 24, "column": null }
      },
      "17": {
        "start": { "line": 25, "column": 4 },
        "end": { "line": 25, "column": null }
      },
      "18": {
        "start": { "line": 29, "column": 2 },
        "end": { "line": 35, "column": null }
      },
      "19": {
        "start": { "line": 30, "column": 21 },
        "end": { "line": 30, "column": null }
      },
      "20": {
        "start": { "line": 31, "column": 4 },
        "end": { "line": 31, "column": null }
      },
      "21": {
        "start": { "line": 32, "column": 4 },
        "end": { "line": 34, "column": null }
      },
      "22": {
        "start": { "line": 33, "column": 6 },
        "end": { "line": 33, "column": null }
      },
      "23": {
        "start": { "line": 38, "column": 2 },
        "end": { "line": 45, "column": null }
      },
      "24": {
        "start": { "line": 40, "column": 6 },
        "end": { "line": 40, "column": null }
      },
      "25": {
        "start": { "line": 41, "column": 4 },
        "end": { "line": 41, "column": null }
      },
      "26": {
        "start": { "line": 42, "column": 4 },
        "end": { "line": 44, "column": null }
      },
      "27": {
        "start": { "line": 43, "column": 6 },
        "end": { "line": 43, "column": null }
      },
      "28": {
        "start": { "line": 48, "column": 2 },
        "end": { "line": 51, "column": null }
      },
      "29": {
        "start": { "line": 49, "column": 18 },
        "end": { "line": 49, "column": null }
      },
      "30": {
        "start": { "line": 50, "column": 4 },
        "end": { "line": 50, "column": null }
      },
      "31": {
        "start": { "line": 54, "column": 2 },
        "end": { "line": 79, "column": null }
      },
      "32": {
        "start": { "line": 55, "column": 31 },
        "end": { "line": 64, "column": null }
      },
      "33": {
        "start": { "line": 56, "column": 6 },
        "end": { "line": 63, "column": null }
      },
      "34": {
        "start": { "line": 62, "column": 8 },
        "end": { "line": 62, "column": null }
      },
      "35": {
        "start": { "line": 66, "column": 25 },
        "end": { "line": 70, "column": null }
      },
      "36": {
        "start": { "line": 67, "column": 6 },
        "end": { "line": 69, "column": null }
      },
      "37": {
        "start": { "line": 68, "column": 8 },
        "end": { "line": 68, "column": null }
      },
      "38": {
        "start": { "line": 72, "column": 4 },
        "end": { "line": 72, "column": null }
      },
      "39": {
        "start": { "line": 73, "column": 4 },
        "end": { "line": 73, "column": null }
      },
      "40": {
        "start": { "line": 75, "column": 4 },
        "end": { "line": 78, "column": null }
      },
      "41": {
[...]
    "path": "D:\\Projekte\\lopez-it-welt\\src\\frontend\\next.config.ts",
    "statementMap": {
      "0": {
        "start": { "line": 11, "column": 0 },
        "end": { "line": 11, "column": 15 }
      },
      "1": {
        "start": { "line": 7, "column": 31 },
        "end": { "line": 9, "column": null }
      },
      "2": {
        "start": { "line": 11, "column": 15 },
        "end": { "line": 11, "column": null }
      }
    },
    "fnMap": {},
    "branchMap": {},
    "s": { "0": 0, "1": 0, "2": 0 },
    "f": {},
    "b": {}
  },
  "D:\\Projekte\\lopez-it-welt\\src\\frontend\\src\\app\\Button.tsx": {
    "path": "D:\\Projekte\\lopez-it-welt\\src\\frontend\\src\\app\\Button.tsx",
    "statementMap": {
      "0": {
        "start": { "line": 15, "column": 13 },
        "end": { "line": 15, "column": 19 }
      },
      "1": {
        "start": { "line": 41, "column": 0 },
        "end": { "line": 41, "column": 15 }
      },
      "2": {
        "start": { "line": 1, "column": 18 },
        "end": { "line": 1, "column": null }
      },
      "3": {
        "start": { "line": 15, "column": 45 },
        "end": { "line": 39, "column": null }
      },
      "4": {
        "start": { "line": 21, "column": 4 },
        "end": { "line": 21, "column": null }
      },
      "5": {
        "start": { "line": 22, "column": 43 },
        "end": { "line": 28, "column": null }
      },
      "6": {
        "start": { "line": 41, "column": 15 },
        "end": { "line": 41, "column": 22 }
      }
    },
    "fnMap": {
      "0": {
        "name": "(anonymous_4)",
        "decl": {
          "start": { "line": 15, "column": 45 },
          "end": { "line": 15, "column": 46 }
        },
        "loc": {
          "start": { "line": 19, "column": 1 },
          "end": { "line": 39, "column": null }
        }
      }
    },
    "branchMap": {
      "0": {
        "loc": {
          "start": { "line": 16, "column": 2 },
          "end": { "line": 16, "column": 21 }
        },
        "type": "default-arg",
        "locations": [
          {
            "start": { "line": 16, "column": 12 },
            "end": { "line": 16, "column": 21 }
          }
        ]
      }
    },
    "s": { "0": 0, "1": 0, "2": 0, "3": 0, "4": 0, "5": 0, "6": 0 },
    "f": { "0": 0 },
    "b": { "0": [0] }
  },
  "D:\\Projekte\\lopez-it-welt\\src\\hooks\\useRuleEnforcement.ts": {
    "path": "D:\\Projekte\\lopez-it-welt\\src\\hooks\\useRuleEnforcement.ts",
    "statementMap": {
      "0": {
        "start": { "line": 4, "column": 16 },
        "end": { "line": 4, "column": null }
      },
      "1": {
        "start": { "line": 2, "column": 35 },
        "end": { "line": 2, "column": null }
      },
      "2": {
        "start": { "line": 5, "column": 26 },
        "end": { "line": 5, "column": null }
      },
      "3": {
        "start": { "line": 8, "column": 22 },
        "end": { "line": 11, "column": null }
      },
      "4": {
        "start": { "line": 9, "column": 4 },
        "end": { "line": 9, "column": null }
      },
      "5": {
        "start": { "line": 10, "column": 4 },
        "end": { "line": 10, "column": null }
      },
      "6": {
        "start": { "line": 13, "column": 26 },
        "end": { "line": 16, "column": null }
      },
      "7": {
        "start": { "line": 14, "column": 4 },
        "end": { "line": 14, "column": null }
      },
      "8": {
        "start": { "line": 15, "column": 4 },
        "end": { "line": 15, "column": null }
      },
      "9": {
        "start": { "line": 18, "column": 20 },
        "end": { "line": 20, "column": null }
      },
      "10": {
        "start": { "line": 19, "column": 4 },
        "end": { "line": 19, "column": null }
      },
      "11": {
        "start": { "line": 22, "column": 25 },
        "end": { "line": 30, "column": null }
      },
      "12": {
        "start": { "line": 23, "column": 4 },
        "end": { "line": 29, "column": null }
      },
      "13": {
        "start": { "line": 32, "column": 2 },
        "end": { "line": 38, "column": null }
      }
    },
    "fnMap": {
      "0": {
        "name": "useRuleEnforcementHook",
        "decl": {
          "start": { "line": 4, "column": 16 },
          "end": { "line": 4, "column": null }
        },
        "loc": {
          "start": { "line": 4, "column": 16 },
          "end": { "line": 39, "column": null }
        }
      },
      "1": {
        "name": "(anonymous_2)",
        "decl": {
          "start": { "line": 8, "column": 22 },
          "end": { "line": 8, "column": 23 }
        },
        "loc": {
          "start": { "line": 8, "column": 23 },
          "end": { "line": 11, "column": null }
        }
      },
      "2": {
        "name": "(anonymous_3)",
        "decl": {
          "start": { "line": 13, "column": 26 },
          "end": { "line": 13, "column": 33 }
        },
        "loc": {
          "start": { "line": 13, "column": 33 },
          "end": { "line": 16, "column": null }
        }
      },
      "3": {
        "name": "(anonymous_4)",
        "decl": {
          "start": { "line": 18, "column": 20 },
          "end": { "line": 18, "column": 21 }
        },
        "loc": {
          "start": { "line": 18, "column": 37 },
          "end": { "line": 20, "column": null }
        }
      },
      "4": {
        "name": "(anonymous_5)",
        "decl": {
          "start": { "line": 22, "column": 25 },
          "end": { "line": 22, "column": null }
        },
        "loc": {
          "start": { "line": 22, "column": 25 },
          "end": { "line": 30, "column": null }
        }
      }
    },
    "branchMap": {},
    "s": {
      "0": 0,
      "1": 0,
      "2": 0,
      "3": 0,
      "4": 0,
      "5": 0,
      "6": 0,
      "7": 0,
      "8": 0,
      "9": 0,
      "10": 0,
      "11": 0,
      "12": 0,
      "13": 0
    },
    "f": { "0": 0, "1": 0, "2": 0, "3": 0, "4": 0 },
    "b": {}
  },
  "D:\\Projekte\\lopez-it-welt\\src\\hooks\\useTexts.ts": {
    "path": "D:\\Projekte\\lopez-it-welt\\src\\hooks\\useTexts.ts",
    "statementMap": {
      "0": {
        "start": { "line": 70, "column": 16 },
        "end": { "line": 70, "column": 23 }
      },
      "1": {
        "start": { "line": 18, "column": 16 },
        "end": { "line": 18, "column": 24 }
      },
      "2": {
        "start": { "line": 1, "column": 36 },
        "end": { "line": 1, "column": null }
      },
      "3": {
        "start": { "line": 22, "column": 28 },
        "end": { "line": 22, "column": null }
      },
      "4": {
        "start": { "line": 23, "column": 32 },
        "end": { "line": 23, "column": null }
      },
      "5": {
        "start": { "line": 24, "column": 28 },
        "end": { "line": 24, "column": null }
      },
      "6": {
        "start": { "line": 26, "column": 20 },
        "end": { "line": 55, "column": null }
      },
      "7": {
        "start": { "line": 27, "column": 4 },
        "end": { "line": 54, "column": null }
      },
      "8": {
        "start": { "line": 28, "column": 6 },
        "end": { "line": 28, "column": null }
      },
      "9": {
        "start": { "line": 29, "column": 6 },
        "end": { "line": 29, "column": null }
      },
      "10": {
        "start": { "line": 31, "column": 23 },
        "end": { "line": 31, "column": null }
      },
      "11": {
        "start": { "line": 32, "column": 6 },
        "end": { "line": 34, "column": null }
      },
      "12": {
        "start": { "line": 33, "column": 8 },
        "end": { "line": 33, "column": null }
      },
      "13": {
        "start": { "line": 36, "column": 31 },
        "end": { "line": 36, "column": null }
      },
      "14": {
        "start": { "line": 39, "column": 28 },
        "end": { "line": 40, "column": null }
      },
      "15": {
        "start": { "line": 40, "column": 16 },
        "end": { "line": 40, "column": null }
      },
      "16": {
        "start": { "line": 44, "column": 52 },
        "end": { "line": 44, "column": null }
      },
      "17": {
        "start": { "line": 45, "column": 6 },
        "end": { "line": 47, "column": null }
      },
      "18": {
        "start": { "line": 46, "column": 8 },
        "end": { "line": 46, "column": null }
      },
      "19": {
        "start": { "line": 49, "column": 6 },
        "end": { "line": 49, "column": null }
      },
      "20": {
        "start": { "line": 51, "column": 6 },
        "end": { "line": 51, "column": null }
      },
      "21": {
        "start": { "line": 53, "column": 6 },
        "end": { "line": 53, "column": null }
      },
      "22": {
        "start": { "line": 57, "column": 2 },
        "end": { "line": 59, "column": null }
      },
      "23": {
        "start": { "line": 58, "column": 4 },
        "end": { "line": 58, "column": null }
      },
      "24": {
        "start": { "line": 61, "column": 2 },
        "end": { "line": 66, "column": null }
      },
      "25": {
        "start": { "line": 75, "column": 2 },
        "end": { "line": 75, "column": null }
      }
    },
    "fnMap": {
      "0": {
        "name": "useTexts",
        "decl": {
          "start": { "line": 18, "column": 16 },
          "end": { "line": 18, "column": 24 }
        },
        "loc": {
          "start": { "line": 20, "column": 25 },
          "end": { "line": 67, "column": null }
        }
      },
      "1": {
        "name": "(anonymous_4)",
        "decl": {
          "start": { "line": 26, "column": 20 },
          "end": { "line": 26, "column": null }
        },
        "loc": {
          "start": { "line": 26, "column": 20 },
          "end": { "line": 55, "column": null }
        }
      },
      "2": {
        "name": "(anonymous_5)",
        "decl": {
          "start": { "line": 40, "column": 8 },
          "end": { "line": 40, "column": 16 }
        },
        "loc": {
          "start": { "line": 40, "column": 16 },
          "end": { "line": 40, "column": null }
        }
      },
      "3": {
        "name": "(anonymous_6)",
        "decl": {
          "start": { "line": 45, "column": 28 },
          "end": { "line": 45, "column": null }
        },
        "loc": {
          "start": { "line": 45, "column": 28 },
          "end": { "line": 47, "column": null }
        }
      },
      "4": {
        "name": "(anonymous_7)",
        "decl": {
          "start": { "line": 57, "column": 12 },
          "end": { "line": 57, "column": null }
        },
        "loc": {
          "start": { "line": 57, "column": 12 },
          "end": { "line": 59, "column": 5 }
        }
      },
      "5": {
        "name": "getText",
        "decl": {
          "start": { "line": 70, "column": 16 },
          "end": { "line": 70, "column": 23 }
        },
        "loc": {
          "start": { "line": 73, "column": 23 },
          "end": { "line": 76, "column": null }
        }
      }
    },
    "branchMap": {
      "0": {
        "loc": {
          "start": { "line": 20, "column": 2 },
          "end": { "line": 20, "column": 25 }
        },
        "type": "default-arg",
        "locations": [
          {
            "start": { "line": 20, "column": 21 },
            "end": { "line": 20, "column": 25 }
          }
        ]
      },
      "1": {
        "loc": {
          "start": { "line": 32, "column": 6 },
          "end": { "line": 34, "column": null }
        },
        "type": "if",
        "locations": [
          {
            "start": { "line": 32, "column": 6 },
            "end": { "line": 34, "column": null }
          }
        ]
      },
      "2": {
        "loc": {
          "start": { "line": 40, "column": 16 },
          "end": { "line": 40, "column": null }
        },
        "type": "binary-expr",
        "locations": [
          {
            "start": { "line": 40, "column": 16 },
            "end": { "line": 40, "column": 41 }
          },
          {
            "start": { "line": 40, "column": 41 },
            "end": { "line": 40, "column": null }
          }
        ]
      },
      "3": {
        "loc": {
          "start": { "line": 51, "column": 15 },
          "end": { "line": 51, "column": null }
        },
        "type": "cond-expr",
        "locations": [
          {
            "start": { "line": 51, "column": 38 },
            "end": { "line": 51, "column": 49 }
          },
          {
            "start": { "line": 51, "column": 52 },
            "end": { "line": 51, "column": null }
          }
        ]
      },
      "4": {
        "loc": {
          "start": { "line": 73, "column": 2 },
          "end": { "line": 73, "column": 23 }
        },
        "type": "default-arg",
        "locations": [
          {
            "start": { "line": 73, "column": 21 },
            "end": { "line": 73, "column": 23 }
          }
        ]
      },
      "5": {
        "loc": {
          "start": { "line": 75, "column": 9 },
          "end": { "line": 75, "column": null }
        },
        "type": "binary-expr",
        "locations": [
          {
            "start": { "line": 75, "column": 9 },
            "end": { "line": 75, "column": 21 }
          },
          {
            "start": { "line": 75, "column": 25 },
            "end": { "line": 75, "column": null }
          }
        ]
      }
    },
    "s": {
      "0": 0,
      "1": 0,
      "2": 0,
      "3": 0,
      "4": 0,
      "5": 0,
      "6": 0,
      "7": 0,
      "8": 0,
      "9": 0,
      "10": 0,
      "11": 0,
      "12": 0,
      "13": 0,
      "14": 0,
      "15": 0,
      "16": 0,
      "17": 0,
      "18": 0,
      "19": 0,
      "20": 0,
      "21": 0,
      "22": 0,
      "23": 0,
      "24": 0,
      "25": 0
    },
    "f": { "0": 0, "1": 0, "2": 0, "3": 0, "4": 0, "5": 0 },
    "b": { "0": [0], "1": [0], "2": [0, 0], "3": [0, 0], "4": [0], "5": [0, 0] }
  },
  "D:\\Projekte\\lopez-it-welt\\src\\i18n\\config.ts": {
    "path": "D:\\Projekte\\lopez-it-welt\\src\\i18n\\config.ts",
    "statementMap": {
      "0": {
        "start": { "line": 25, "column": 0 },
        "end": { "line": 25, "column": 15 }
      },
      "1": {
        "start": { "line": 4, "column": 13 },
        "end": { "line": 4, "column": 23 }
      },
      "2": {
        "start": { "line": 18, "column": 13 },
        "end": { "line": 18, "column": 26 }
      },
      "3": {
        "start": { "line": 12, "column": 13 },
        "end": { "line": 12, "column": 26 }
      },
      "4": {
        "start": { "line": 4, "column": 26 },
        "end": { "line": 10, "column": null }
      },
      "5": {
        "start": { "line": 12, "column": 29 },
        "end": { "line": 16, "column": null }
      },
      "6": {
        "start": { "line": 18, "column": 29 },
        "end": { "line": 22, "column": null }
      },
      "7": {
        "start": { "line": 25, "column": 15 },
        "end": { "line": 25, "column": 26 }
      }
    },
    "fnMap": {},
    "branchMap": {},
    "s": { "0": 32, "1": 0, "2": 0, "3": 0, "4": 1, "5": 1, "6": 1, "7": 1 },
    "f": {},
    "b": {}
  },
  "D:\\Projekte\\lopez-it-welt\\src\\lib\\mdx.ts": {
    "path": "D:\\Projekte\\lopez-it-welt\\src\\lib\\mdx.ts",
    "statementMap": {
      "0": {
        "start": { "line": 41, "column": 16 },
        "end": { "line": 41, "column": 31 }
      },
      "1": {
        "start": { "line": 25, "column": 16 },
        "end": { "line": 25, "column": 33 }
      },
      "2": {
        "start": { "line": 19, "column": 16 },
        "end": { "line": 19, "column": 32 }
      },
      "3": {
        "start": { "line": 1, "column": 15 },
        "end": { "line": 1, "column": null }
      },
      "4": {
        "start": { "line": 2, "column": 19 },
        "end": { "line": 2, "column": null }
      },
      "5": {
        "start": { "line": 3, "column": 17 },
        "end": { "line": 3, "column": null }
      },
      "6": {
        "start": { "line": 5, "column": 25 },
        "end": { "line": 5, "column": null }
      },
      "7": {
        "start": { "line": 20, "column": 2 },
        "end": { "line": 22, "column": null }
      },
      "8": {
        "start": { "line": 22, "column": 20 },
        "end": { "line": 22, "column": null }
      },
      "9": {
        "start": { "line": 26, "column": 19 },
        "end": { "line": 26, "column": null }
      },
      "10": {
        "start": { "line": 27, "column": 19 },
        "end": { "line": 27, "column": null }
      },
      "11": {
        "start": { "line": 28, "column": 23 },
        "end": { "line": 28, "column": null }
      },
      "12": {
        "start": { "line": 29, "column": 28 },
        "end": { "line": 29, "column": null }
      },
      "13": {
        "start": { "line": 31, "column": 2 },
        "end": { "line": 38, "column": null }
      },
      "14": {
        "start": { "line": 42, "column": 16 },
        "end": { "line": 42, "column": null }
      },
      "15": {
        "start": { "line": 43, "column": 2 },
        "end": { "line": 43, "column": null }
      },
      "16": {
        "start": { "line": 43, "column": 27 },
        "end": { "line": 43, "column": null }
      }
    },
    "fnMap": {
      "0": {
        "name": "getMarkdownFiles",
        "decl": {
          "start": { "line": 19, "column": 16 },
          "end": { "line": 19, "column": 32 }
        },
        "loc": {
          "start": { "line": 19, "column": 16 },
          "end": { "line": 23, "column": null }
        }
      },
      "1": {
        "name": "(anonymous_6)",
        "decl": {
          "start": { "line": 22, "column": 12 },
          "end": { "line": 22, "column": 20 }
        },
        "loc": {
          "start": { "line": 22, "column": 20 },
          "end": { "line": 22, "column": null }
        }
      },
      "2": {
        "name": "getMarkdownBySlug",
        "decl": {
          "start": { "line": 25, "column": 16 },
          "end": { "line": 25, "column": 33 }
        },
        "loc": {
          "start": { "line": 25, "column": 46 },
          "end": { "line": 39, "column": null }
        }
      },
      "3": {
        "name": "getAllMarkdowns",
        "decl": {
          "start": { "line": 41, "column": 16 },
          "end": { "line": 41, "column": 31 }
        },
        "loc": {
          "start": { "line": 41, "column": 16 },
          "end": { "line": 44, "column": null }
        }
      },
      "4": {
        "name": "(anonymous_9)",
        "decl": {
          "start": { "line": 43, "column": 19 },
          "end": { "line": 43, "column": 27 }
        },
        "loc": {
          "start": { "line": 43, "column": 27 },
          "end": { "line": 43, "column": null }
        }
      }
    },
    "branchMap": {
      "0": {
        "loc": {
          "start": { "line": 22, "column": 20 },
          "end": { "line": 22, "column": null }
        },
        "type": "binary-expr",
        "locations": [
          {
            "start": { "line": 22, "column": 20 },
            "end": { "line": 22, "column": 44 }
          },
          {
            "start": { "line": 22, "column": 44 },
            "end": { "line": 22, "column": null }
          }
        ]
      },
      "1": {
        "loc": {
          "start": { "line": 36, "column": 13 },
          "end": { "line": 36, "column": null }
        },
        "type": "binary-expr",
        "locations": [
          {
            "start": { "line": 36, "column": 13 },
            "end": { "line": 36, "column": 23 }
          },
          {
            "start": { "line": 36, "column": 27 },
            "end": { "line": 36, "column": null }
          }
        ]
      }
    },
    "s": {
      "0": 0,
      "1": 0,
      "2": 0,
      "3": 0,
      "4": 0,
      "5": 0,
      "6": 0,
      "7": 0,
      "8": 0,
      "9": 0,
      "10": 0,
      "11": 0,
      "12": 0,
      "13": 0,
      "14": 0,
      "15": 0,
      "16": 0
    },
    "f": { "0": 0, "1": 0, "2": 0, "3": 0, "4": 0 },
    "b": { "0": [0, 0], "1": [0, 0] }
  }
}
