TN:
SF:src\app\layout.tsx
FN:21,RootLayout
FNF:1
FNH:0
FNDA:0,RootLayout
DA:2,0
DA:3,0
DA:4,0
DA:5,0
DA:6,0
DA:8,0
DA:10,0
DA:15,0
DA:21,0
LF:9
LH:0
BRF:0
BRH:0
end_of_record
TN:
SF:src\app\page.tsx
FN:11,Startseite
FNF:1
FNH:1
FNDA:2,Startseite
DA:2,1
DA:3,1
DA:4,1
DA:5,1
DA:6,1
DA:7,1
DA:9,1
DA:11,2
LF:8
LH:8
BRF:0
BRH:0
end_of_record
TN:
SF:src\app\admin\layout.tsx
FN:8,AdminLayout
FNF:1
FNH:0
FNDA:0,AdminLayout
DA:3,0
DA:8,0
LF:2
LH:0
BRF:0
BRH:0
end_of_record
TN:
SF:src\app\admin\page.tsx
FN:19,AdminDashboard
FN:31,(anonymous_2)
FN:44,(anonymous_3)
FN:65,(anonymous_4)
FN:87,(anonymous_5)
FNF:5
FNH:0
FNDA:0,AdminDashboard
FNDA:0,(anonymous_2)
FNDA:0,(anonymous_3)
FNDA:0,(anonymous_4)
FNDA:0,(anonymous_5)
DA:3,0
DA:19,0
DA:20,0
DA:27,0
DA:28,0
DA:31,0
DA:32,0
DA:33,0
DA:34,0
DA:35,0
DA:36,0
DA:39,0
DA:44,0
DA:45,0
DA:46,0
DA:47,0
DA:48,0
DA:49,0
DA:51,0
DA:52,0
DA:53,0
DA:55,0
DA:58,0
DA:60,0
DA:65,0
DA:66,0
DA:68,0
DA:69,0
DA:70,0
DA:71,0
DA:72,0
DA:74,0
DA:75,0
DA:76,0
DA:78,0
DA:81,0
DA:83,0
DA:87,0
DA:88,0
LF:39
LH:0
BRDA:34,0,0,0
BRDA:51,1,0,0
BRDA:51,1,1,0
BRDA:55,2,0,0
BRDA:55,2,1,0
BRDA:66,3,0,0
BRDA:74,4,0,0
BRDA:74,4,1,0
BRDA:78,5,0,0
BRDA:78,5,1,0
BRDA:255,6,0,0
BRDA:258,7,0,0
BRDA:258,7,1,0
BRDA:270,8,0,0
BRDA:485,9,0,0
BRDA:485,9,1,0
BRDA:492,10,0,0
BRDA:492,10,1,0
BRF:18
BRH:0
end_of_record
TN:
SF:src\app\admin\rules\page.tsx
FN:4,RulesAdminPage
FNF:1
FNH:0
FNDA:0,RulesAdminPage
DA:2,0
DA:4,0
LF:2
LH:0
BRF:0
BRH:0
end_of_record
TN:
SF:src\app\admin\texts\page.tsx
FN:13,TextsPage
FN:30,(anonymous_2)
FN:45,(anonymous_3)
FN:63,(anonymous_4)
FN:83,(anonymous_5)
FN:99,(anonymous_6)
FN:105,(anonymous_7)
FN:111,(anonymous_8)
FN:140,(anonymous_9)
FN:205,(anonymous_10)
FN:220,(anonymous_11)
FN:233,(anonymous_12)
FN:251,(anonymous_13)
FN:267,(anonymous_14)
FN:287,(anonymous_15)
FN:291,(anonymous_16)
FN:304,(anonymous_17)
FN:347,(anonymous_18)
FN:372,(anonymous_19)
FN:391,(anonymous_20)
FN:397,(anonymous_21)
FN:406,(anonymous_22)
FN:412,(anonymous_23)
FNF:23
FNH:0
FNDA:0,TextsPage
FNDA:0,(anonymous_2)
FNDA:0,(anonymous_3)
FNDA:0,(anonymous_4)
FNDA:0,(anonymous_5)
FNDA:0,(anonymous_6)
FNDA:0,(anonymous_7)
FNDA:0,(anonymous_8)
FNDA:0,(anonymous_9)
FNDA:0,(anonymous_10)
FNDA:0,(anonymous_11)
FNDA:0,(anonymous_12)
FNDA:0,(anonymous_13)
FNDA:0,(anonymous_14)
FNDA:0,(anonymous_15)
FNDA:0,(anonymous_16)
FNDA:0,(anonymous_17)
FNDA:0,(anonymous_18)
FNDA:0,(anonymous_19)
FNDA:0,(anonymous_20)
FNDA:0,(anonymous_21)
FNDA:0,(anonymous_22)
FNDA:0,(anonymous_23)
DA:3,0
DA:13,0
DA:14,0
DA:15,0
DA:16,0
DA:17,0
DA:18,0
DA:24,0
DA:30,0
DA:31,0
DA:32,0
DA:33,0
DA:34,0
DA:35,0
DA:38,0
DA:40,0
DA:45,0
DA:46,0
DA:47,0
DA:53,0
DA:54,0
DA:55,0
DA:58,0
DA:63,0
DA:64,0
DA:65,0
DA:66,0
DA:72,0
DA:73,0
DA:74,0
DA:75,0
DA:78,0
DA:83,0
DA:84,0
DA:86,0
DA:87,0
DA:91,0
DA:92,0
DA:95,0
DA:99,0
DA:100,0
DA:104,0
DA:106,0
DA:111,0
DA:112,0
DA:114,0
DA:140,0
DA:206,0
DA:221,0
DA:234,0
DA:252,0
DA:267,0
DA:287,0
DA:292,0
DA:305,0
DA:348,0
DA:373,0
DA:391,0
DA:397,0
DA:406,0
DA:412,0
LF:61
LH:0
BRDA:33,0,0,0
BRDA:53,1,0,0
BRDA:72,2,0,0
BRDA:84,3,0,0
BRDA:91,4,0,0
BRDA:106,5,0,0
BRDA:106,5,1,0
BRDA:106,5,2,0
BRDA:106,5,3,0
BRDA:114,6,0,0
BRDA:190,7,0,0
BRDA:358,8,0,0
BRDA:358,8,1,0
BRDA:360,9,0,0
BRDA:360,9,1,0
BRDA:370,10,0,0
BRDA:389,11,0,0
BRF:17
BRH:0
end_of_record
TN:
SF:src\app\api\admin\stats\route.ts
FN:4,GET
FNF:1
FNH:0
FNDA:0,GET
DA:1,0
DA:4,0
DA:5,0
DA:8,0
DA:17,0
DA:19,0
DA:20,0
LF:7
LH:0
BRF:0
BRH:0
end_of_record
TN:
SF:src\app\api\admin\texts\route.ts
FN:269,GET
FN:283,POST
FN:317,PUT
FN:344,DELETE
FNF:4
FNH:0
FNDA:0,GET
FNDA:0,POST
FNDA:0,PUT
FNDA:0,DELETE
DA:1,0
DA:4,0
DA:269,0
DA:270,0
DA:273,0
DA:275,0
DA:276,0
DA:283,0
DA:284,0
DA:285,0
DA:286,0
DA:289,0
DA:290,0
DA:299,0
DA:307,0
DA:309,0
DA:310,0
DA:317,0
DA:318,0
DA:319,0
DA:320,0
DA:323,0
DA:324,0
DA:333,0
DA:334,0
DA:336,0
DA:337,0
DA:344,0
DA:345,0
DA:346,0
DA:347,0
DA:349,0
DA:350,0
DA:359,0
DA:361,0
DA:362,0
LF:36
LH:0
BRDA:289,0,0,0
BRDA:289,1,0,0
BRDA:289,1,1,0
BRDA:289,1,2,0
BRDA:289,1,3,0
BRDA:323,2,0,0
BRDA:323,3,0,0
BRDA:323,3,1,0
BRDA:323,3,2,0
BRDA:323,3,3,0
BRDA:323,3,4,0
BRDA:349,4,0,0
BRF:12
BRH:0
end_of_record
TN:
SF:src\app\cookie-einstellungen\page.tsx
FN:5,CookieEinstellungen
FN:14,(anonymous_2)
FN:23,(anonymous_3)
FN:29,(anonymous_4)
FN:96,(anonymous_5)
FN:120,(anonymous_6)
FN:144,(anonymous_7)
FN:164,(anonymous_8)
FNF:8
FNH:0
FNDA:0,CookieEinstellungen
FNDA:0,(anonymous_2)
FNDA:0,(anonymous_3)
FNDA:0,(anonymous_4)
FNDA:0,(anonymous_5)
FNDA:0,(anonymous_6)
FNDA:0,(anonymous_7)
FNDA:0,(anonymous_8)
DA:2,0
DA:3,0
DA:5,0
DA:6,0
DA:7,0
DA:14,0
DA:16,0
DA:17,0
DA:18,0
DA:19,0
DA:23,0
DA:24,0
DA:25,0
DA:26,0
DA:29,0
DA:30,0
DA:31,0
DA:97,0
DA:121,0
DA:145,0
DA:165,0
DA:171,0
DA:180,0
LF:23
LH:0
BRDA:17,0,0,0
BRF:1
BRH:0
end_of_record
TN:
SF:src\app\datenschutz\page.tsx
FN:5,Datenschutz
FN:8,(anonymous_2)
FNF:2
FNH:0
FNDA:0,Datenschutz
FNDA:0,(anonymous_2)
DA:2,0
DA:3,0
DA:5,0
DA:6,0
DA:8,0
LF:5
LH:0
BRF:0
BRH:0
end_of_record
TN:
SF:src\app\impressum\page.tsx
FN:4,Impressum
FNF:1
FNH:0
FNDA:0,Impressum
DA:2,0
DA:4,0
DA:5,0
LF:3
LH:0
BRF:0
BRH:0
end_of_record
TN:
SF:src\app\login\page.tsx
FN:7,Login
FN:18,(anonymous_6)
FN:23,(anonymous_7)
FN:37,(anonymous_8)
FN:61,(anonymous_9)
FN:71,(anonymous_10)
FNF:6
FNH:0
FNDA:0,Login
FNDA:0,(anonymous_6)
FNDA:0,(anonymous_7)
FNDA:0,(anonymous_8)
FNDA:0,(anonymous_9)
FNDA:0,(anonymous_10)
DA:2,0
DA:3,0
DA:4,0
DA:5,0
DA:7,0
DA:8,0
DA:9,0
DA:10,0
DA:16,0
DA:18,0
DA:19,0
DA:20,0
DA:23,0
DA:24,0
DA:26,0
DA:27,0
DA:30,0
DA:31,0
DA:33,0
DA:37,0
DA:38,0
DA:61,0
DA:71,0
LF:23
LH:0
BRDA:24,0,0,0
BRDA:24,0,1,0
BRDA:54,1,0,0
BRDA:54,1,1,0
BRDA:58,2,0,0
BRDA:83,3,0,0
BRDA:111,4,0,0
BRDA:111,4,1,0
BRDA:126,5,0,0
BRDA:126,5,1,0
BRDA:134,6,0,0
BRDA:152,7,0,0
BRDA:172,8,0,0
BRDA:208,9,0,0
BRDA:208,9,1,0
BRDA:210,10,0,0
BRDA:210,10,1,0
BRF:17
BRH:0
end_of_record
TN:
SF:src\app\ueber-uns\page.tsx
FN:6,(anonymous_2)
FN:79,(anonymous_3)
FNF:2
FNH:0
FNDA:0,(anonymous_2)
FNDA:0,(anonymous_3)
DA:3,0
DA:4,0
DA:6,0
DA:7,0
DA:10,0
DA:80,0
DA:128,0
LF:7
LH:0
BRDA:78,0,0,0
BRDA:78,0,1,0
BRF:2
BRH:0
end_of_record
TN:
SF:src\components\Core\ClientLayout.tsx
FN:10,ClientLayout
FNF:1
FNH:1
FNDA:8,ClientLayout
DA:2,1
DA:3,1
DA:4,1
DA:10,2
LF:4
LH:4
BRF:0
BRH:0
end_of_record
TN:
SF:src\components\Core\Footer.tsx
FN:6,(anonymous_2)
FNF:1
FNH:1
FNDA:4,(anonymous_2)
DA:2,3
DA:3,3
DA:4,3
DA:6,3
DA:7,4
DA:8,4
DA:216,4
LF:7
LH:7
BRF:0
BRH:0
end_of_record
TN:
SF:src\components\Core\Hauptbereiche.tsx
FN:6,(anonymous_5)
FN:104,(anonymous_6)
FN:110,(anonymous_7)
FN:111,(anonymous_8)
FNF:4
FNH:2
FNDA:2,(anonymous_5)
FNDA:12,(anonymous_6)
FNDA:0,(anonymous_7)
FNDA:0,(anonymous_8)
DA:2,2
DA:3,2
DA:4,2
DA:6,2
DA:7,2
DA:8,2
DA:10,2
DA:105,12
DA:110,0
DA:111,0
LF:10
LH:8
BRDA:108,0,0,0
BRDA:108,0,1,12
BRDA:133,1,0,12
BRF:3
BRH:2
end_of_record
TN:
SF:src\components\Core\Header.tsx
FN:8,(anonymous_5)
FN:23,(anonymous_6)
FN:29,(anonymous_7)
FN:38,(anonymous_8)
FN:48,(anonymous_9)
FN:54,(anonymous_10)
FN:55,(anonymous_11)
FN:66,(anonymous_12)
FN:75,(anonymous_13)
FN:81,(anonymous_14)
FN:85,(anonymous_15)
FN:97,(anonymous_16)
FN:109,(anonymous_17)
FN:114,(anonymous_18)
FN:193,(anonymous_19)
FN:205,(anonymous_20)
FN:217,(anonymous_21)
FN:315,(anonymous_22)
FN:322,(anonymous_23)
FN:329,(anonymous_24)
FN:336,(anonymous_25)
FN:343,(anonymous_26)
FN:350,(anonymous_27)
FN:366,(anonymous_28)
FN:378,(anonymous_29)
FN:390,(anonymous_30)
FN:472,(anonymous_31)
FNF:27
FNH:7
FNDA:4,(anonymous_5)
FNDA:4,(anonymous_6)
FNDA:4,(anonymous_7)
FNDA:4,(anonymous_8)
FNDA:4,(anonymous_9)
FNDA:4,(anonymous_10)
FNDA:0,(anonymous_11)
FNDA:0,(anonymous_12)
FNDA:4,(anonymous_13)
FNDA:0,(anonymous_14)
FNDA:0,(anonymous_15)
FNDA:0,(anonymous_16)
FNDA:0,(anonymous_17)
FNDA:0,(anonymous_18)
FNDA:0,(anonymous_19)
FNDA:0,(anonymous_20)
FNDA:0,(anonymous_21)
FNDA:0,(anonymous_22)
FNDA:0,(anonymous_23)
FNDA:0,(anonymous_24)
FNDA:0,(anonymous_25)
FNDA:0,(anonymous_26)
FNDA:0,(anonymous_27)
FNDA:0,(anonymous_28)
FNDA:0,(anonymous_29)
FNDA:0,(anonymous_30)
FNDA:0,(anonymous_31)
DA:2,3
DA:3,3
DA:4,3
DA:5,3
DA:6,3
DA:8,3
DA:9,4
DA:10,4
DA:11,4
DA:12,4
DA:13,4
DA:17,4
DA:19,4
DA:20,4
DA:23,4
DA:24,4
DA:25,4
DA:29,4
DA:30,4
DA:31,4
DA:32,4
DA:33,0
DA:38,4
DA:40,4
DA:41,4
DA:42,4
DA:43,0
DA:48,4
DA:49,4
DA:50,4
DA:54,4
DA:55,4
DA:56,0
DA:62,0
DA:66,4
DA:67,0
DA:68,0
DA:72,4
DA:73,4
DA:75,4
DA:76,4
DA:77,4
DA:81,4
DA:82,0
DA:85,4
DA:86,0
DA:87,0
DA:88,0
DA:90,0
DA:91,0
DA:93,0
DA:97,4
DA:98,0
DA:99,0
DA:100,0
DA:102,0
DA:103,0
DA:105,0
DA:109,4
DA:110,0
DA:111,0
DA:114,4
DA:115,0
DA:116,0
DA:193,0
DA:205,0
DA:217,0
DA:315,0
DA:322,0
DA:329,0
DA:336,0
DA:343,0
DA:350,0
DA:366,0
DA:378,0
DA:390,0
DA:472,0
DA:478,4
LF:78
LH:42
BRDA:32,0,0,0
BRDA:42,1,0,0
BRDA:50,2,0,0
BRDA:50,2,1,4
BRDA:56,3,0,0
BRDA:57,4,0,0
BRDA:57,4,1,0
BRDA:57,4,2,0
BRDA:57,4,3,0
BRDA:67,5,0,0
BRDA:90,6,0,0
BRDA:90,6,1,0
BRDA:102,7,0,0
BRDA:102,7,1,0
BRDA:195,8,0,4
BRDA:195,8,1,0
BRDA:207,9,0,0
BRDA:207,9,1,4
BRDA:219,10,0,0
BRDA:219,10,1,4
BRDA:234,11,0,0
BRDA:234,11,1,4
BRDA:238,12,0,0
BRDA:248,13,0,0
BRDA:248,13,1,4
BRDA:253,14,0,0
BRDA:253,14,1,4
BRDA:264,15,0,0
BRDA:291,16,0,0
BRDA:291,16,1,4
BRDA:295,17,0,0
BRDA:303,18,0,4
BRDA:368,19,0,0
BRDA:368,19,1,0
BRDA:380,20,0,0
BRDA:380,20,1,0
BRDA:392,21,0,0
BRDA:392,21,1,0
BRDA:409,22,0,0
BRDA:409,22,1,0
BRDA:415,23,0,0
BRDA:425,24,0,0
BRDA:425,24,1,0
BRDA:430,25,0,0
BRDA:430,25,1,0
BRDA:443,26,0,0
BRDA:471,27,0,4
BRF:47
BRH:10
end_of_record
TN:
SF:src\components\Core\Hero.tsx
FN:6,(anonymous_4)
FN:10,(anonymous_5)
FN:171,(anonymous_6)
FNF:3
FNH:2
FNDA:4,(anonymous_4)
FNDA:2,(anonymous_5)
FNDA:0,(anonymous_6)
DA:2,2
DA:3,2
DA:4,2
DA:6,2
DA:7,4
DA:8,4
DA:10,4
DA:11,2
DA:173,0
DA:174,0
DA:175,0
LF:11
LH:8
BRDA:35,0,0,2
BRDA:35,0,1,2
BRDA:47,1,0,2
BRDA:47,1,1,2
BRDA:58,2,0,2
BRDA:58,2,1,2
BRDA:65,3,0,2
BRDA:65,3,1,2
BRDA:74,4,0,2
BRDA:74,4,1,2
BRDA:98,5,0,2
BRDA:98,5,1,2
BRDA:131,6,0,2
BRDA:131,6,1,2
BRDA:174,7,0,0
BRF:15
BRH:14
end_of_record
TN:
SF:src\components\Core\Layout.tsx
FN:15,(anonymous_2)
FNF:1
FNH:1
FNDA:2,(anonymous_2)
DA:5,2
DA:6,2
DA:7,2
DA:15,2
DA:40,10
LF:5
LH:5
BRDA:27,0,0,2
BRDA:27,0,1,2
BRDA:29,1,0,2
BRF:3
BRH:3
end_of_record
TN:
SF:src\components\Features\Button.tsx
FN:14,(anonymous_2)
FNF:1
FNH:1
FNDA:16,(anonymous_2)
DA:1,8
DA:2,8
DA:13,16
DA:29,16
DA:31,16
DA:45,16
DA:51,16
DA:53,16
DA:112,8
LF:9
LH:9
BRDA:17,0,0,0
BRDA:18,1,0,0
BRDA:19,2,0,16
BRDA:21,3,0,16
BRDA:57,4,0,16
BRDA:57,4,1,16
BRDA:57,4,2,0
BRDA:65,5,0,16
BRDA:65,5,1,16
BRDA:66,6,0,16
BRDA:66,6,1,16
BRDA:70,7,0,16
BRDA:94,8,0,16
BRDA:94,8,1,0
BRDA:94,8,2,0
BRDA:100,9,0,0
BRDA:100,9,1,16
BRDA:102,10,0,16
BRDA:102,10,1,0
BRDA:102,10,2,0
BRF:20
BRH:12
end_of_record
TN:
SF:src\components\Features\Card.tsx
FN:12,(anonymous_6)
FN:72,(anonymous_7)
FN:84,(anonymous_8)
FN:96,(anonymous_9)
FNF:4
FNH:0
FNDA:0,(anonymous_6)
FNDA:0,(anonymous_7)
FNDA:0,(anonymous_8)
FNDA:0,(anonymous_9)
DA:1,1
DA:2,1
DA:11,1
DA:23,0
DA:25,0
DA:31,0
DA:37,0
DA:41,0
DA:64,1
DA:72,1
DA:84,1
DA:96,1
LF:12
LH:7
BRDA:15,0,0,0
BRDA:16,1,0,0
BRDA:17,2,0,0
BRDA:37,3,0,0
BRDA:37,3,1,0
BRDA:53,4,0,0
BRDA:53,4,1,0
BRDA:54,5,0,0
BRDA:54,5,1,0
BRDA:55,6,0,0
BRDA:55,6,1,0
BRF:11
BRH:0
end_of_record
TN:
SF:src\components\Features\CookieBanner.tsx
FN:10,(anonymous_5)
FN:15,(anonymous_6)
FN:24,(anonymous_7)
FN:99,(anonymous_8)
FN:107,(anonymous_9)
FNF:5
FNH:2
FNDA:8,(anonymous_5)
FNDA:4,(anonymous_6)
FNDA:0,(anonymous_7)
FNDA:0,(anonymous_8)
FNDA:0,(anonymous_9)
DA:2,4
DA:3,4
DA:4,4
DA:10,4
DA:13,8
DA:15,8
DA:17,4
DA:18,4
DA:20,4
DA:24,8
DA:25,0
DA:29,0
DA:31,0
DA:33,0
DA:34,0
DA:35,0
DA:38,0
DA:39,0
DA:40,0
DA:43,0
DA:46,0
DA:47,0
DA:51,8
DA:52,4
DA:99,0
DA:107,0
LF:26
LH:12
BRDA:18,0,0,4
BRDA:31,1,0,0
BRDA:31,1,1,0
BRDA:46,2,0,0
BRDA:51,3,0,4
BRF:5
BRH:2
end_of_record
TN:
SF:src\components\Features\FAQ.tsx
FN:9,(anonymous_6)
FN:40,(anonymous_7)
FN:47,(anonymous_8)
FNF:3
FNH:2
FNDA:4,(anonymous_6)
FNDA:16,(anonymous_7)
FNDA:0,(anonymous_8)
DA:6,2
DA:7,2
DA:9,2
DA:10,4
DA:11,4
DA:13,4
DA:41,16
DA:47,0
DA:75,2
LF:9
LH:8
BRDA:47,0,0,0
BRDA:47,0,1,0
BRDA:54,1,0,0
BRDA:54,1,1,16
BRDA:60,2,0,16
BRF:5
BRH:2
end_of_record
TN:
SF:src\components\Features\I18nProvider.tsx
FN:25,(anonymous_8)
FN:37,(anonymous_9)
FN:41,(anonymous_10)
FN:56,(anonymous_11)
FN:70,(anonymous_12)
FNF:5
FNH:0
FNDA:0,(anonymous_8)
FNDA:0,(anonymous_9)
FNDA:0,(anonymous_10)
FNDA:0,(anonymous_11)
FNDA:0,(anonymous_12)
DA:2,0
DA:5,0
DA:6,0
DA:7,0
DA:9,0
DA:23,0
DA:25,0
DA:26,0
DA:27,0
DA:28,0
DA:30,0
DA:37,0
DA:38,0
DA:39,0
DA:41,0
DA:42,0
DA:44,0
DA:45,0
DA:48,0
DA:49,0
DA:52,0
DA:56,0
DA:57,0
DA:58,0
DA:59,0
DA:60,0
DA:62,0
DA:70,0
DA:71,0
DA:73,0
DA:74,0
DA:77,0
DA:78,0
DA:79,0
DA:82,0
DA:83,0
DA:84,0
DA:87,0
DA:88,0
DA:93,0
DA:94,0
DA:95,0
DA:96,0
DA:101,0
DA:105,0
DA:108,0
DA:110,0
DA:114,0
DA:116,0
DA:117,0
DA:121,0
DA:130,0
LF:52
LH:0
BRDA:27,0,0,0
BRDA:48,1,0,0
BRDA:48,2,0,0
BRDA:48,2,1,0
BRDA:58,3,0,0
BRDA:77,4,0,0
BRDA:83,5,0,0
BRDA:83,5,1,0
BRDA:83,6,0,0
BRDA:83,6,1,0
BRDA:83,6,2,0
BRDA:87,7,0,0
BRDA:93,8,0,0
BRDA:96,9,0,0
BRDA:96,9,1,0
BRDA:97,10,0,0
BRDA:97,10,1,0
BRDA:97,10,2,0
BRDA:108,11,0,0
BRDA:108,11,1,0
BRDA:114,12,0,0
BRDA:114,12,1,0
BRF:22
BRH:0
end_of_record
TN:
SF:src\components\Features\KISicherheit.tsx
FN:4,(anonymous_4)
FNF:1
FNH:1
FNDA:2,(anonymous_4)
DA:2,1
DA:4,2
DA:172,1
LF:3
LH:3
BRF:0
BRH:0
end_of_record
TN:
SF:src\components\Features\MarkdownContent.tsx
FN:10,(anonymous_2)
FNF:1
FNH:0
FNDA:0,(anonymous_2)
DA:1,1
DA:2,1
DA:10,1
DA:15,0
DA:17,0
LF:5
LH:3
BRDA:47,0,0,0
BRDA:47,0,1,0
BRF:2
BRH:0
end_of_record
TN:
SF:src\components\Features\Preisliste.tsx
FN:7,(anonymous_4)
FNF:1
FNH:1
FNDA:2,(anonymous_4)
DA:5,1
DA:7,1
DA:62,2
LF:3
LH:3
BRF:0
BRH:0
end_of_record
TN:
SF:src\components\Features\RuleEnforcementSystem.tsx
FN:28,useRuleEnforcement
FN:42,RuleEnforcementProvider
FN:53,(anonymous_8)
FN:65,(anonymous_9)
FN:108,(anonymous_10)
FN:117,(anonymous_11)
FN:129,(anonymous_12)
FN:131,(anonymous_13)
FN:143,(anonymous_14)
FN:149,(anonymous_15)
FN:166,(anonymous_16)
FN:174,(anonymous_17)
FN:185,(anonymous_18)
FN:195,(anonymous_19)
FN:198,(anonymous_20)
FNF:15
FNH:0
FNDA:0,useRuleEnforcement
FNDA:0,RuleEnforcementProvider
FNDA:0,(anonymous_8)
FNDA:0,(anonymous_9)
FNDA:0,(anonymous_10)
FNDA:0,(anonymous_11)
FNDA:0,(anonymous_12)
FNDA:0,(anonymous_13)
FNDA:0,(anonymous_14)
FNDA:0,(anonymous_15)
FNDA:0,(anonymous_16)
FNDA:0,(anonymous_17)
FNDA:0,(anonymous_18)
FNDA:0,(anonymous_19)
FNDA:0,(anonymous_20)
DA:2,0
DA:24,0
DA:28,0
DA:29,0
DA:30,0
DA:31,0
DA:35,0
DA:42,0
DA:45,0
DA:46,0
DA:47,0
DA:48,0
DA:49,0
DA:50,0
DA:53,0
DA:54,0
DA:65,0
DA:70,0
DA:71,0
DA:75,0
DA:76,0
DA:80,0
DA:81,0
DA:85,0
DA:86,0
DA:90,0
DA:98,0
DA:99,0
DA:100,0
DA:104,0
DA:108,0
DA:109,0
DA:110,0
DA:111,0
DA:112,0
DA:113,0
DA:117,0
DA:118,0
DA:119,0
DA:122,0
DA:123,0
DA:126,0
DA:129,0
DA:131,0
DA:132,0
DA:133,0
DA:135,0
DA:138,0
DA:143,0
DA:144,0
DA:145,0
DA:147,0
DA:148,0
DA:149,0
DA:150,0
DA:151,0
DA:153,0
DA:154,0
DA:155,0
DA:156,0
DA:157,0
DA:159,0
DA:162,0
DA:166,0
DA:167,0
DA:168,0
DA:170,0
DA:174,0
DA:175,0
DA:176,0
DA:177,0
DA:178,0
DA:179,0
DA:180,0
DA:185,0
DA:186,0
DA:187,0
DA:188,0
DA:189,0
DA:190,0
DA:191,0
DA:195,0
DA:196,0
DA:197,0
DA:198,0
DA:213,0
LF:86
LH:0
BRDA:30,0,0,0
BRDA:70,1,0,0
BRDA:70,2,0,0
BRDA:70,2,1,0
BRDA:75,3,0,0
BRDA:75,4,0,0
BRDA:75,4,1,0
BRDA:80,5,0,0
BRDA:80,6,0,0
BRDA:80,6,1,0
BRDA:85,7,0,0
BRDA:85,8,0,0
BRDA:85,8,1,0
BRDA:99,9,0,0
BRDA:99,10,0,0
BRDA:99,10,1,0
BRDA:132,11,0,0
BRDA:132,11,1,0
BRDA:147,12,0,0
BRDA:167,13,0,0
BRDA:175,14,0,0
BRDA:229,15,0,0
BRDA:229,15,1,0
BRF:23
BRH:0
end_of_record
TN:
SF:src\components\Features\RuleEnforcementTest.tsx
FN:5,RuleEnforcementTest
FN:10,(anonymous_3)
FN:17,(anonymous_4)
FN:26,(anonymous_5)
FN:35,(anonymous_6)
FN:44,(anonymous_7)
FN:52,(anonymous_8)
FN:56,(anonymous_9)
FN:61,(anonymous_10)
FN:65,(anonymous_11)
FN:70,(anonymous_12)
FN:74,(anonymous_13)
FNF:12
FNH:0
FNDA:0,RuleEnforcementTest
FNDA:0,(anonymous_3)
FNDA:0,(anonymous_4)
FNDA:0,(anonymous_5)
FNDA:0,(anonymous_6)
FNDA:0,(anonymous_7)
FNDA:0,(anonymous_8)
FNDA:0,(anonymous_9)
FNDA:0,(anonymous_10)
FNDA:0,(anonymous_11)
FNDA:0,(anonymous_12)
FNDA:0,(anonymous_13)
DA:2,0
DA:3,0
DA:5,0
DA:7,0
DA:8,0
DA:10,0
DA:11,0
DA:14,0
DA:15,0
DA:16,0
DA:18,0
DA:23,0
DA:24,0
DA:25,0
DA:27,0
DA:32,0
DA:33,0
DA:34,0
DA:36,0
DA:41,0
DA:42,0
DA:43,0
DA:45,0
DA:50,0
DA:51,0
DA:52,0
DA:56,0
DA:57,0
DA:59,0
DA:60,0
DA:61,0
DA:63,0
DA:64,0
DA:66,0
DA:70,0
DA:74,0
DA:75,0
DA:76,0
LF:38
LH:0
BRDA:19,0,0,0
BRDA:19,0,1,0
BRDA:28,1,0,0
BRDA:28,1,1,0
BRDA:37,2,0,0
BRDA:37,2,1,0
BRDA:46,3,0,0
BRDA:46,3,1,0
BRDA:67,4,0,0
BRDA:67,4,1,0
BRDA:67,5,0,0
BRDA:67,5,1,0
BRDA:113,6,0,0
BRDA:113,6,1,0
BRF:14
BRH:0
end_of_record
TN:
SF:src\components\Features\ScrollToTop.tsx
FN:4,(anonymous_4)
FN:8,(anonymous_5)
FN:9,(anonymous_6)
FN:19,(anonymous_7)
FN:25,(anonymous_8)
FNF:5
FNH:0
FNDA:0,(anonymous_4)
FNDA:0,(anonymous_5)
FNDA:0,(anonymous_6)
FNDA:0,(anonymous_7)
FNDA:0,(anonymous_8)
DA:2,1
DA:4,1
DA:5,0
DA:8,0
DA:9,0
DA:10,0
DA:11,0
DA:13,0
DA:17,0
DA:19,0
DA:20,0
DA:25,0
DA:26,0
LF:13
LH:2
BRDA:10,0,0,0
BRDA:10,0,1,0
BRDA:34,1,0,0
BRF:3
BRH:0
end_of_record
TN:
SF:src\components\Features\Testimonials.tsx
FN:9,(anonymous_4)
FN:38,(anonymous_5)
FNF:2
FNH:2
FNDA:4,(anonymous_4)
FNDA:12,(anonymous_5)
DA:6,2
DA:7,2
DA:9,2
DA:10,4
DA:12,4
DA:39,12
DA:63,2
LF:7
LH:7
BRF:0
BRH:0
end_of_record
TN:
SF:src\components\Features\WhyChooseUs.tsx
FN:5,(anonymous_4)
FN:42,(anonymous_5)
FNF:2
FNH:2
FNDA:4,(anonymous_4)
FNDA:16,(anonymous_5)
DA:2,2
DA:3,2
DA:5,2
DA:6,4
DA:8,4
DA:43,16
DA:62,2
LF:7
LH:7
BRF:0
BRH:0
end_of_record
TN:
SF:src\components\admin\AdminNavigation.tsx
FN:49,AdminNavigation
FN:56,(anonymous_3)
FNF:2
FNH:0
FNDA:0,AdminNavigation
FNDA:0,(anonymous_3)
DA:3,0
DA:4,0
DA:6,0
DA:49,0
DA:50,0
DA:57,0
DA:58,0
LF:7
LH:0
BRDA:63,0,0,0
BRDA:63,0,1,0
BRF:2
BRH:0
end_of_record
TN:
SF:src\components\navigation\Sprachumschalter.tsx
FN:27,(anonymous_4)
FN:34,(anonymous_5)
FN:37,(anonymous_6)
FN:43,(anonymous_7)
FN:47,(anonymous_8)
FN:96,(anonymous_9)
FN:99,(anonymous_10)
FNF:7
FNH:0
FNDA:0,(anonymous_4)
FNDA:0,(anonymous_5)
FNDA:0,(anonymous_6)
FNDA:0,(anonymous_7)
FNDA:0,(anonymous_8)
FNDA:0,(anonymous_9)
FNDA:0,(anonymous_10)
DA:6,1
DA:7,1
DA:15,1
DA:27,1
DA:32,0
DA:33,0
DA:34,0
DA:37,0
DA:38,0
DA:39,0
DA:40,0
DA:43,0
DA:44,0
DA:47,0
DA:48,0
DA:49,0
DA:97,0
DA:99,0
LF:18
LH:4
BRDA:28,0,0,0
BRDA:34,1,0,0
BRDA:34,1,1,0
BRDA:48,2,0,0
BRDA:55,3,0,0
BRDA:55,3,1,0
BRDA:74,4,0,0
BRDA:74,4,1,0
BRDA:89,5,0,0
BRDA:101,6,0,0
BRDA:101,6,1,0
BRDA:115,7,0,0
BRF:12
BRH:0
end_of_record
TN:
SF:src\frontend\next.config.ts
FNF:0
FNH:0
DA:7,0
DA:11,0
LF:2
LH:0
BRF:0
BRH:0
end_of_record
TN:
SF:src\frontend\src\app\Button.tsx
FN:15,(anonymous_4)
FNF:1
FNH:0
FNDA:0,(anonymous_4)
DA:1,0
DA:15,0
DA:21,0
DA:22,0
DA:41,0
LF:5
LH:0
BRDA:16,0,0,0
BRF:1
BRH:0
end_of_record
TN:
SF:src\hooks\useRuleEnforcement.ts
FN:4,useRuleEnforcementHook
FN:8,(anonymous_2)
FN:13,(anonymous_3)
FN:18,(anonymous_4)
FN:22,(anonymous_5)
FNF:5
FNH:0
FNDA:0,useRuleEnforcementHook
FNDA:0,(anonymous_2)
FNDA:0,(anonymous_3)
FNDA:0,(anonymous_4)
FNDA:0,(anonymous_5)
DA:2,0
DA:4,0
DA:5,0
DA:8,0
DA:9,0
DA:10,0
DA:13,0
DA:14,0
DA:15,0
DA:18,0
DA:19,0
DA:22,0
DA:23,0
DA:32,0
LF:14
LH:0
BRF:0
BRH:0
end_of_record
TN:
SF:src\hooks\useTexts.ts
FN:18,useTexts
FN:26,(anonymous_4)
FN:40,(anonymous_5)
FN:45,(anonymous_6)
FN:57,(anonymous_7)
FN:70,getText
FNF:6
FNH:0
FNDA:0,useTexts
FNDA:0,(anonymous_4)
FNDA:0,(anonymous_5)
FNDA:0,(anonymous_6)
FNDA:0,(anonymous_7)
FNDA:0,getText
DA:1,0
DA:18,0
DA:22,0
DA:23,0
DA:24,0
DA:26,0
DA:27,0
DA:28,0
DA:29,0
DA:31,0
DA:32,0
DA:33,0
DA:36,0
DA:39,0
DA:40,0
DA:44,0
DA:45,0
DA:46,0
DA:49,0
DA:51,0
DA:53,0
DA:57,0
DA:58,0
DA:61,0
DA:70,0
DA:75,0
LF:26
LH:0
BRDA:20,0,0,0
BRDA:32,1,0,0
BRDA:40,2,0,0
BRDA:40,2,1,0
BRDA:51,3,0,0
BRDA:51,3,1,0
BRDA:73,4,0,0
BRDA:75,5,0,0
BRDA:75,5,1,0
BRF:9
BRH:0
end_of_record
TN:
SF:src\i18n\config.ts
FNF:0
FNH:0
DA:4,1
DA:12,1
DA:18,1
DA:25,32
LF:4
LH:4
BRF:0
BRH:0
end_of_record
TN:
SF:src\lib\mdx.ts
FN:19,getMarkdownFiles
FN:22,(anonymous_6)
FN:25,getMarkdownBySlug
FN:41,getAllMarkdowns
FN:43,(anonymous_9)
FNF:5
FNH:0
FNDA:0,getMarkdownFiles
FNDA:0,(anonymous_6)
FNDA:0,getMarkdownBySlug
FNDA:0,getAllMarkdowns
FNDA:0,(anonymous_9)
DA:1,0
DA:2,0
DA:3,0
DA:5,0
DA:19,0
DA:20,0
DA:22,0
DA:25,0
DA:26,0
DA:27,0
DA:28,0
DA:29,0
DA:31,0
DA:41,0
DA:42,0
DA:43,0
LF:16
LH:0
BRDA:22,0,0,0
BRDA:22,0,1,0
BRDA:36,1,0,0
BRDA:36,1,1,0
BRF:4
BRH:0
end_of_record
